[0.020s] Invoking command in '/root/ros2_ws/build/track_car': CMAKE_PREFIX_PATH=${CMAKE_PREFIX_PATH}:/opt/ros/humble /usr/bin/cmake --build /root/ros2_ws/build/track_car -- -j8 -l8
[0.090s] -- Found ament_cmake: 1.3.11 (/opt/ros/humble/share/ament_cmake/cmake)
[0.282s] -- Found rclcpp: 16.0.12 (/opt/ros/humble/share/rclcpp/cmake)
[0.448s] -- Found rosidl_generator_c: 3.1.6 (/opt/ros/humble/share/rosidl_generator_c/cmake)
[0.452s] -- Found rosidl_adapter: 3.1.6 (/opt/ros/humble/share/rosidl_adapter/cmake)
[0.461s] -- Found rosidl_generator_cpp: 3.1.6 (/opt/ros/humble/share/rosidl_generator_cpp/cmake)
[0.477s] -- Using all available rosidl_typesupport_c: rosidl_typesupport_fastrtps_c;rosidl_typesupport_introspection_c
[0.496s] -- Using all available rosidl_typesupport_cpp: rosidl_typesupport_fastrtps_cpp;rosidl_typesupport_introspection_cpp
[0.550s] -- Found rmw_implementation_cmake: 6.1.2 (/opt/ros/humble/share/rmw_implementation_cmake/cmake)
[0.552s] -- Found rmw_fastrtps_cpp: 6.2.7 (/opt/ros/humble/share/rmw_fastrtps_cpp/cmake)
[4.626s] -- Using RMW implementation 'rmw_fastrtps_cpp' as default
[4.704s] -- Found geometry_msgs: 4.8.0 (/opt/ros/humble/share/geometry_msgs/cmake)
[4.724s] -- Found sensor_msgs: 4.8.0 (/opt/ros/humble/share/sensor_msgs/cmake)
[4.754s] -- Found nav_msgs: 4.8.0 (/opt/ros/humble/share/nav_msgs/cmake)
[4.783s] -- Found ament_lint_auto: 0.12.12 (/opt/ros/humble/share/ament_lint_auto/cmake)
[4.876s] -- Added test 'cppcheck' to perform static code analysis on C / C++ code
[4.876s] -- Configured cppcheck include dirs: 
[4.876s] -- Configured cppcheck exclude dirs and/or files: 
[4.877s] -- Added test 'lint_cmake' to check CMake code style
[4.878s] -- Added test 'uncrustify' to check C / C++ code style
[4.878s] -- Configured uncrustify additional arguments: 
[4.878s] -- Added test 'xmllint' to check XML markup files
[4.879s] -- Configuring done
[4.884s] [31mCMake Error at CMakeLists.txt:15 (add_executable):
[4.884s]   Cannot find source file:
[4.884s] 
[4.885s]     src/gazebo_control_node.cpp
[4.885s] 
[4.885s]   Tried extensions .c .C .c++ .cc .cpp .cxx .cu .mpp .m .M .mm .ixx .cppm .h
[4.885s]   .hh .h++ .hm .hpp .hxx .in .txx .f .F .for .f77 .f90 .f95 .f03 .hip .ispc
[4.885s] 
[4.885s] [0m
[4.885s] [31mCMake Error at CMakeLists.txt:15 (add_executable):
[4.885s]   No SOURCES given to target: control_node
[4.886s] 
[4.886s] [0m
[4.886s] [0mCMake Generate step failed.  Build files cannot be regenerated correctly.[0m
[4.893s] gmake: *** [Makefile:267: cmake_check_build_system] Error 1
[4.896s] Invoked command in '/root/ros2_ws/build/track_car' returned '2': CMAKE_PREFIX_PATH=${CMAKE_PREFIX_PATH}:/opt/ros/humble /usr/bin/cmake --build /root/ros2_ws/build/track_car -- -j8 -l8
