[0.073s] Invoking command in '/root/ros2_ws/build/track_car': CMAKE_PREFIX_PATH=${CMAKE_PREFIX_PATH}:/opt/ros/humble /usr/bin/cmake --build /root/ros2_ws/build/track_car -- -j8 -l8
[0.232s] [35m[1mConsolidate compiler generated dependencies of target alg_main[0m
[0.247s] [ 22%] Built target track_car_node
[0.255s] [ 44%] Built target control_node
[0.292s] [ 55%] [32mBuilding CXX object CMakeFiles/alg_main.dir/src/MemoryTrajectoryGenerate.cpp.o[0m
[19.418s] [ 66%] [32m[1mLinking CXX executable alg_main[0m
[21.284s] [100%] Built target alg_main
[21.300s] Invoked command in '/root/ros2_ws/build/track_car' returned '0': CMAKE_PREFIX_PATH=${CMAKE_PREFIX_PATH}:/opt/ros/humble /usr/bin/cmake --build /root/ros2_ws/build/track_car -- -j8 -l8
[21.315s] Invoking command in '/root/ros2_ws/build/track_car': CMAKE_PREFIX_PATH=${CMAKE_PREFIX_PATH}:/opt/ros/humble /usr/bin/cmake --install /root/ros2_ws/build/track_car
[21.394s] -- Install configuration: ""
[21.435s] -- Execute custom install script
[21.456s] -- Up-to-date symlink: /root/ros2_ws/install/track_car/lib/track_car/track_car_node
[21.456s] -- Up-to-date symlink: /root/ros2_ws/install/track_car/lib/track_car/control_node
[21.456s] -- Up-to-date symlink: /root/ros2_ws/install/track_car/lib/track_car/alg_main
[21.457s] -- Up-to-date symlink: /root/ros2_ws/install/track_car/share/ament_index/resource_index/package_run_dependencies/track_car
[21.457s] -- Up-to-date symlink: /root/ros2_ws/install/track_car/share/ament_index/resource_index/parent_prefix_path/track_car
[21.467s] -- Up-to-date symlink: /root/ros2_ws/install/track_car/share/track_car/environment/ament_prefix_path.sh
[21.468s] -- Up-to-date symlink: /root/ros2_ws/install/track_car/share/track_car/environment/ament_prefix_path.dsv
[21.486s] -- Up-to-date symlink: /root/ros2_ws/install/track_car/share/track_car/environment/path.sh
[21.487s] -- Up-to-date symlink: /root/ros2_ws/install/track_car/share/track_car/environment/path.dsv
[21.500s] -- Up-to-date symlink: /root/ros2_ws/install/track_car/share/track_car/local_setup.bash
[21.500s] -- Up-to-date symlink: /root/ros2_ws/install/track_car/share/track_car/local_setup.sh
[21.501s] -- Up-to-date symlink: /root/ros2_ws/install/track_car/share/track_car/local_setup.zsh
[21.502s] -- Up-to-date symlink: /root/ros2_ws/install/track_car/share/track_car/local_setup.dsv
[21.502s] -- Symlinking: /root/ros2_ws/install/track_car/share/track_car/package.dsv
[21.531s] -- Up-to-date symlink: /root/ros2_ws/install/track_car/share/ament_index/resource_index/packages/track_car
[21.532s] -- Up-to-date symlink: /root/ros2_ws/install/track_car/share/track_car/cmake/track_carConfig.cmake
[21.533s] -- Up-to-date symlink: /root/ros2_ws/install/track_car/share/track_car/cmake/track_carConfig-version.cmake
[21.533s] -- Up-to-date symlink: /root/ros2_ws/install/track_car/share/track_car/package.xml
[21.536s] Invoked command in '/root/ros2_ws/build/track_car' returned '0': CMAKE_PREFIX_PATH=${CMAKE_PREFIX_PATH}:/opt/ros/humble /usr/bin/cmake --install /root/ros2_ws/build/track_car
