[0.246s] DEBUG:colcon:Command line arguments: ['/usr/bin/colcon', 'build', '--packages-select', 'track_car', '--cmake-clean-cache']
[0.246s] DEBUG:colcon:Parsed command line arguments: Namespace(log_base=None, log_level=None, verb_name='build', build_base='build', install_base='install', merge_install=False, symlink_install=False, test_result_base=None, continue_on_error=False, executor='parallel', parallel_workers=8, event_handlers=None, ignore_user_meta=False, metas=['./colcon.meta'], base_paths=['.'], packages_ignore=None, packages_ignore_regex=None, paths=None, packages_up_to=None, packages_up_to_regex=None, packages_above=None, packages_above_and_dependencies=None, packages_above_depth=None, packages_select_by_dep=None, packages_skip_by_dep=None, packages_skip_up_to=None, packages_select_build_failed=False, packages_skip_build_finished=False, packages_select_test_failures=False, packages_skip_test_passed=False, packages_select=['track_car'], packages_skip=None, packages_select_regex=None, packages_skip_regex=None, packages_start=None, packages_end=None, allow_overriding=[], cmake_args=None, cmake_target=None, cmake_target_skip_unavailable=False, cmake_clean_cache=True, cmake_clean_first=False, cmake_force_configure=False, ament_cmake_args=None, catkin_cmake_args=None, catkin_skip_building_tests=False, verb_parser=<colcon_defaults.argument_parser.defaults.DefaultArgumentsDecorator object at 0x7fdfe072c340>, verb_extension=<colcon_core.verb.build.BuildVerb object at 0x7fdfe0911c90>, main=<bound method BuildVerb.main of <colcon_core.verb.build.BuildVerb object at 0x7fdfe0911c90>>)
[0.474s] Level 1:colcon.colcon_core.package_discovery:discover_packages(colcon_meta) check parameters
[0.474s] Level 1:colcon.colcon_core.package_discovery:discover_packages(recursive) check parameters
[0.475s] Level 1:colcon.colcon_core.package_discovery:discover_packages(ignore) check parameters
[0.475s] Level 1:colcon.colcon_core.package_discovery:discover_packages(path) check parameters
[0.475s] Level 1:colcon.colcon_core.package_discovery:discover_packages(colcon_meta) discover
[0.475s] Level 1:colcon.colcon_core.package_discovery:discover_packages(recursive) discover
[0.475s] INFO:colcon.colcon_core.package_discovery:Crawling recursively for packages in '/root/ros2_ws'
[0.476s] Level 1:colcon.colcon_core.package_identification:_identify(.) by extensions ['ignore', 'ignore_ament_install']
[0.476s] Level 1:colcon.colcon_core.package_identification:_identify(.) by extension 'ignore'
[0.476s] Level 1:colcon.colcon_core.package_identification:_identify(.) by extension 'ignore_ament_install'
[0.477s] Level 1:colcon.colcon_core.package_identification:_identify(.) by extensions ['colcon_pkg']
[0.477s] Level 1:colcon.colcon_core.package_identification:_identify(.) by extension 'colcon_pkg'
[0.477s] Level 1:colcon.colcon_core.package_identification:_identify(.) by extensions ['colcon_meta']
[0.477s] Level 1:colcon.colcon_core.package_identification:_identify(.) by extension 'colcon_meta'
[0.477s] Level 1:colcon.colcon_core.package_identification:_identify(.) by extensions ['ros']
[0.477s] Level 1:colcon.colcon_core.package_identification:_identify(.) by extension 'ros'
[0.495s] Level 1:colcon.colcon_core.package_identification:_identify(.) by extensions ['cmake', 'python']
[0.496s] Level 1:colcon.colcon_core.package_identification:_identify(.) by extension 'cmake'
[0.496s] Level 1:colcon.colcon_core.package_identification:_identify(.) by extension 'python'
[0.496s] Level 1:colcon.colcon_core.package_identification:_identify(.) by extensions ['python_setup_py']
[0.496s] Level 1:colcon.colcon_core.package_identification:_identify(.) by extension 'python_setup_py'
[0.496s] Level 1:colcon.colcon_core.package_identification:_identify(build) by extensions ['ignore', 'ignore_ament_install']
[0.496s] Level 1:colcon.colcon_core.package_identification:_identify(build) by extension 'ignore'
[0.496s] Level 1:colcon.colcon_core.package_identification:_identify(build) ignored
[0.497s] Level 1:colcon.colcon_core.package_identification:_identify(install) by extensions ['ignore', 'ignore_ament_install']
[0.497s] Level 1:colcon.colcon_core.package_identification:_identify(install) by extension 'ignore'
[0.497s] Level 1:colcon.colcon_core.package_identification:_identify(install) ignored
[0.497s] Level 1:colcon.colcon_core.package_identification:_identify(log) by extensions ['ignore', 'ignore_ament_install']
[0.497s] Level 1:colcon.colcon_core.package_identification:_identify(log) by extension 'ignore'
[0.497s] Level 1:colcon.colcon_core.package_identification:_identify(log) ignored
[0.497s] Level 1:colcon.colcon_core.package_identification:_identify(src) by extensions ['ignore', 'ignore_ament_install']
[0.498s] Level 1:colcon.colcon_core.package_identification:_identify(src) by extension 'ignore'
[0.498s] Level 1:colcon.colcon_core.package_identification:_identify(src) by extension 'ignore_ament_install'
[0.498s] Level 1:colcon.colcon_core.package_identification:_identify(src) by extensions ['colcon_pkg']
[0.498s] Level 1:colcon.colcon_core.package_identification:_identify(src) by extension 'colcon_pkg'
[0.498s] Level 1:colcon.colcon_core.package_identification:_identify(src) by extensions ['colcon_meta']
[0.498s] Level 1:colcon.colcon_core.package_identification:_identify(src) by extension 'colcon_meta'
[0.498s] Level 1:colcon.colcon_core.package_identification:_identify(src) by extensions ['ros']
[0.498s] Level 1:colcon.colcon_core.package_identification:_identify(src) by extension 'ros'
[0.498s] Level 1:colcon.colcon_core.package_identification:_identify(src) by extensions ['cmake', 'python']
[0.498s] Level 1:colcon.colcon_core.package_identification:_identify(src) by extension 'cmake'
[0.498s] Level 1:colcon.colcon_core.package_identification:_identify(src) by extension 'python'
[0.498s] Level 1:colcon.colcon_core.package_identification:_identify(src) by extensions ['python_setup_py']
[0.498s] Level 1:colcon.colcon_core.package_identification:_identify(src) by extension 'python_setup_py'
[0.499s] Level 1:colcon.colcon_core.package_identification:_identify(src/track_car) by extensions ['ignore', 'ignore_ament_install']
[0.499s] Level 1:colcon.colcon_core.package_identification:_identify(src/track_car) by extension 'ignore'
[0.499s] Level 1:colcon.colcon_core.package_identification:_identify(src/track_car) by extension 'ignore_ament_install'
[0.499s] Level 1:colcon.colcon_core.package_identification:_identify(src/track_car) by extensions ['colcon_pkg']
[0.499s] Level 1:colcon.colcon_core.package_identification:_identify(src/track_car) by extension 'colcon_pkg'
[0.500s] Level 1:colcon.colcon_core.package_identification:_identify(src/track_car) by extensions ['colcon_meta']
[0.500s] Level 1:colcon.colcon_core.package_identification:_identify(src/track_car) by extension 'colcon_meta'
[0.500s] Level 1:colcon.colcon_core.package_identification:_identify(src/track_car) by extensions ['ros']
[0.500s] Level 1:colcon.colcon_core.package_identification:_identify(src/track_car) by extension 'ros'
[0.511s] DEBUG:colcon.colcon_core.package_identification:Package 'src/track_car' with type 'ros.ament_cmake' and name 'track_car'
[0.511s] Level 1:colcon.colcon_core.package_discovery:discover_packages(recursive) using defaults
[0.511s] Level 1:colcon.colcon_core.package_discovery:discover_packages(ignore) discover
[0.511s] Level 1:colcon.colcon_core.package_discovery:discover_packages(ignore) using defaults
[0.511s] Level 1:colcon.colcon_core.package_discovery:discover_packages(path) discover
[0.511s] Level 1:colcon.colcon_core.package_discovery:discover_packages(path) using defaults
[0.554s] Level 1:colcon.colcon_core.package_discovery:discover_packages(prefix_path) check parameters
[0.554s] Level 1:colcon.colcon_core.package_discovery:discover_packages(prefix_path) discover
[0.557s] DEBUG:colcon.colcon_installed_package_information.package_discovery:Found 1 installed packages in /root/ros2_ws/install
[0.558s] DEBUG:colcon.colcon_installed_package_information.package_discovery:Found 167 installed packages in /opt/ros/humble
[0.560s] Level 1:colcon.colcon_core.package_discovery:discover_packages(prefix_path) using defaults
[0.616s] Level 5:colcon.colcon_core.verb:set package 'track_car' build argument 'cmake_args' from command line to 'None'
[0.616s] Level 5:colcon.colcon_core.verb:set package 'track_car' build argument 'cmake_target' from command line to 'None'
[0.616s] Level 5:colcon.colcon_core.verb:set package 'track_car' build argument 'cmake_target_skip_unavailable' from command line to 'False'
[0.617s] Level 5:colcon.colcon_core.verb:set package 'track_car' build argument 'cmake_clean_cache' from command line to 'True'
[0.617s] Level 5:colcon.colcon_core.verb:set package 'track_car' build argument 'cmake_clean_first' from command line to 'False'
[0.617s] Level 5:colcon.colcon_core.verb:set package 'track_car' build argument 'cmake_force_configure' from command line to 'False'
[0.617s] Level 5:colcon.colcon_core.verb:set package 'track_car' build argument 'ament_cmake_args' from command line to 'None'
[0.617s] Level 5:colcon.colcon_core.verb:set package 'track_car' build argument 'catkin_cmake_args' from command line to 'None'
[0.618s] Level 5:colcon.colcon_core.verb:set package 'track_car' build argument 'catkin_skip_building_tests' from command line to 'False'
[0.618s] DEBUG:colcon.colcon_core.verb:Building package 'track_car' with the following arguments: {'ament_cmake_args': None, 'build_base': '/root/ros2_ws/build/track_car', 'catkin_cmake_args': None, 'catkin_skip_building_tests': False, 'cmake_args': None, 'cmake_clean_cache': True, 'cmake_clean_first': False, 'cmake_force_configure': False, 'cmake_target': None, 'cmake_target_skip_unavailable': False, 'install_base': '/root/ros2_ws/install/track_car', 'merge_install': False, 'path': '/root/ros2_ws/src/track_car', 'symlink_install': False, 'test_result_base': None}
[0.618s] INFO:colcon.colcon_core.executor:Executing jobs using 'parallel' executor
[0.624s] DEBUG:colcon.colcon_parallel_executor.executor.parallel:run_until_complete
[0.624s] INFO:colcon.colcon_ros.task.ament_cmake.build:Building ROS package in '/root/ros2_ws/src/track_car' with build type 'ament_cmake'
[0.625s] INFO:colcon.colcon_cmake.task.cmake.build:Building CMake package in '/root/ros2_ws/src/track_car'
[0.629s] INFO:colcon.colcon_core.plugin_system:Skipping extension 'colcon_core.shell.bat': Not used on non-Windows systems
[0.630s] INFO:colcon.colcon_core.shell:Skip shell extension 'powershell' for command environment: Not usable outside of PowerShell
[0.630s] DEBUG:colcon.colcon_core.shell:Skip shell extension 'dsv' for command environment
[0.681s] DEBUG:colcon.colcon_core.event_handler.log_command:Invoking command in '/root/ros2_ws/build/track_car': CMAKE_PREFIX_PATH=${CMAKE_PREFIX_PATH}:/opt/ros/humble /usr/bin/cmake /root/ros2_ws/src/track_car -DCMAKE_INSTALL_PREFIX=/root/ros2_ws/install/track_car
[9.110s] DEBUG:colcon.colcon_core.event_handler.log_command:Invoked command in '/root/ros2_ws/build/track_car' returned '0': CMAKE_PREFIX_PATH=${CMAKE_PREFIX_PATH}:/opt/ros/humble /usr/bin/cmake /root/ros2_ws/src/track_car -DCMAKE_INSTALL_PREFIX=/root/ros2_ws/install/track_car
[9.115s] DEBUG:colcon.colcon_core.event_handler.log_command:Invoking command in '/root/ros2_ws/build/track_car': CMAKE_PREFIX_PATH=${CMAKE_PREFIX_PATH}:/opt/ros/humble /usr/bin/cmake --build /root/ros2_ws/build/track_car -- -j8 -l8
[33.968s] DEBUG:colcon.colcon_core.event_handler.log_command:Invoked command in '/root/ros2_ws/build/track_car' returned '0': CMAKE_PREFIX_PATH=${CMAKE_PREFIX_PATH}:/opt/ros/humble /usr/bin/cmake --build /root/ros2_ws/build/track_car -- -j8 -l8
[33.980s] DEBUG:colcon.colcon_core.event_handler.log_command:Invoking command in '/root/ros2_ws/build/track_car': CMAKE_PREFIX_PATH=${CMAKE_PREFIX_PATH}:/opt/ros/humble /usr/bin/cmake --install /root/ros2_ws/build/track_car
[33.998s] Level 1:colcon.colcon_core.environment:create_environment_scripts_only(track_car)
[33.999s] DEBUG:colcon.colcon_core.event_handler.log_command:Invoked command in '/root/ros2_ws/build/track_car' returned '0': CMAKE_PREFIX_PATH=${CMAKE_PREFIX_PATH}:/opt/ros/humble /usr/bin/cmake --install /root/ros2_ws/build/track_car
[34.006s] Level 1:colcon.colcon_core.environment:checking '/root/ros2_ws/install/track_car' for CMake module files
[34.007s] Level 1:colcon.colcon_core.environment:checking '/root/ros2_ws/install/track_car' for CMake config files
[34.008s] Level 1:colcon.colcon_core.shell:create_environment_hook('track_car', 'cmake_prefix_path')
[34.008s] INFO:colcon.colcon_core.shell:Creating environment hook '/root/ros2_ws/install/track_car/share/track_car/hook/cmake_prefix_path.ps1'
[34.009s] INFO:colcon.colcon_core.shell:Creating environment descriptor '/root/ros2_ws/install/track_car/share/track_car/hook/cmake_prefix_path.dsv'
[34.010s] INFO:colcon.colcon_core.shell:Creating environment hook '/root/ros2_ws/install/track_car/share/track_car/hook/cmake_prefix_path.sh'
[34.012s] Level 1:colcon.colcon_core.environment:checking '/root/ros2_ws/install/track_car/lib'
[34.012s] Level 1:colcon.colcon_core.environment:checking '/root/ros2_ws/install/track_car/bin'
[34.012s] Level 1:colcon.colcon_core.environment:checking '/root/ros2_ws/install/track_car/lib/pkgconfig/track_car.pc'
[34.013s] Level 1:colcon.colcon_core.environment:checking '/root/ros2_ws/install/track_car/lib/python3.10/site-packages'
[34.013s] Level 1:colcon.colcon_core.environment:checking '/root/ros2_ws/install/track_car/bin'
[34.013s] INFO:colcon.colcon_core.shell:Creating package script '/root/ros2_ws/install/track_car/share/track_car/package.ps1'
[34.014s] INFO:colcon.colcon_core.shell:Creating package descriptor '/root/ros2_ws/install/track_car/share/track_car/package.dsv'
[34.015s] INFO:colcon.colcon_core.shell:Creating package script '/root/ros2_ws/install/track_car/share/track_car/package.sh'
[34.017s] INFO:colcon.colcon_core.shell:Creating package script '/root/ros2_ws/install/track_car/share/track_car/package.bash'
[34.018s] INFO:colcon.colcon_core.shell:Creating package script '/root/ros2_ws/install/track_car/share/track_car/package.zsh'
[34.020s] Level 1:colcon.colcon_core.environment:create_file_with_runtime_dependencies(/root/ros2_ws/install/track_car/share/colcon-core/packages/track_car)
[34.022s] Level 1:colcon.colcon_core.environment:create_environment_scripts_only(track_car)
[34.022s] Level 1:colcon.colcon_core.environment:checking '/root/ros2_ws/install/track_car' for CMake module files
[34.023s] Level 1:colcon.colcon_core.environment:checking '/root/ros2_ws/install/track_car' for CMake config files
[34.023s] Level 1:colcon.colcon_core.shell:create_environment_hook('track_car', 'cmake_prefix_path')
[34.023s] INFO:colcon.colcon_core.shell:Creating environment hook '/root/ros2_ws/install/track_car/share/track_car/hook/cmake_prefix_path.ps1'
[34.024s] INFO:colcon.colcon_core.shell:Creating environment descriptor '/root/ros2_ws/install/track_car/share/track_car/hook/cmake_prefix_path.dsv'
[34.025s] INFO:colcon.colcon_core.shell:Creating environment hook '/root/ros2_ws/install/track_car/share/track_car/hook/cmake_prefix_path.sh'
[34.026s] Level 1:colcon.colcon_core.environment:checking '/root/ros2_ws/install/track_car/lib'
[34.026s] Level 1:colcon.colcon_core.environment:checking '/root/ros2_ws/install/track_car/bin'
[34.026s] Level 1:colcon.colcon_core.environment:checking '/root/ros2_ws/install/track_car/lib/pkgconfig/track_car.pc'
[34.027s] Level 1:colcon.colcon_core.environment:checking '/root/ros2_ws/install/track_car/lib/python3.10/site-packages'
[34.027s] Level 1:colcon.colcon_core.environment:checking '/root/ros2_ws/install/track_car/bin'
[34.028s] INFO:colcon.colcon_core.shell:Creating package script '/root/ros2_ws/install/track_car/share/track_car/package.ps1'
[34.029s] INFO:colcon.colcon_core.shell:Creating package descriptor '/root/ros2_ws/install/track_car/share/track_car/package.dsv'
[34.030s] INFO:colcon.colcon_core.shell:Creating package script '/root/ros2_ws/install/track_car/share/track_car/package.sh'
[34.031s] INFO:colcon.colcon_core.shell:Creating package script '/root/ros2_ws/install/track_car/share/track_car/package.bash'
[34.032s] INFO:colcon.colcon_core.shell:Creating package script '/root/ros2_ws/install/track_car/share/track_car/package.zsh'
[34.032s] Level 1:colcon.colcon_core.environment:create_file_with_runtime_dependencies(/root/ros2_ws/install/track_car/share/colcon-core/packages/track_car)
[34.033s] DEBUG:colcon.colcon_parallel_executor.executor.parallel:closing loop
[34.035s] DEBUG:colcon.colcon_parallel_executor.executor.parallel:loop closed
[34.035s] DEBUG:colcon.colcon_parallel_executor.executor.parallel:run_until_complete finished with '0'
[34.035s] DEBUG:colcon.colcon_core.event_reactor:joining thread
[34.074s] INFO:colcon.colcon_core.plugin_system:Skipping extension 'colcon_notification.desktop_notification.notify_send': Could not find 'notify-send'
[34.074s] INFO:colcon.colcon_core.plugin_system:Skipping extension 'colcon_notification.desktop_notification.terminal_notifier': Not used on non-Darwin systems
[34.074s] INFO:colcon.colcon_core.plugin_system:Skipping extension 'colcon_notification.desktop_notification.win32': Not used on non-Windows systems
[34.074s] INFO:colcon.colcon_notification.desktop_notification:Sending desktop notification using 'notify2'
[34.075s] DEBUG:colcon.colcon_notification.desktop_notification.notify2:Failed to initialize notify2: org.freedesktop.DBus.Error.FileNotFound: Failed to connect to socket /run/user/0/bus: No such file or directory
[34.075s] DEBUG:colcon.colcon_core.event_reactor:joined thread
[34.076s] INFO:colcon.colcon_core.shell:Creating prefix script '/root/ros2_ws/install/local_setup.ps1'
[34.078s] INFO:colcon.colcon_core.shell:Creating prefix util module '/root/ros2_ws/install/_local_setup_util_ps1.py'
[34.080s] INFO:colcon.colcon_core.shell:Creating prefix chain script '/root/ros2_ws/install/setup.ps1'
[34.082s] INFO:colcon.colcon_core.shell:Creating prefix script '/root/ros2_ws/install/local_setup.sh'
[34.083s] INFO:colcon.colcon_core.shell:Creating prefix util module '/root/ros2_ws/install/_local_setup_util_sh.py'
[34.084s] INFO:colcon.colcon_core.shell:Creating prefix chain script '/root/ros2_ws/install/setup.sh'
[34.086s] INFO:colcon.colcon_core.shell:Creating prefix script '/root/ros2_ws/install/local_setup.bash'
[34.088s] INFO:colcon.colcon_core.shell:Creating prefix chain script '/root/ros2_ws/install/setup.bash'
[34.090s] INFO:colcon.colcon_core.shell:Creating prefix script '/root/ros2_ws/install/local_setup.zsh'
[34.091s] INFO:colcon.colcon_core.shell:Creating prefix chain script '/root/ros2_ws/install/setup.zsh'
