[0.345s] DEBUG:colcon:Command line arguments: ['/usr/bin/colcon', 'build']
[0.345s] DEBUG:colcon:Parsed command line arguments: Namespace(log_base=None, log_level=None, verb_name='build', build_base='build', install_base='install', merge_install=False, symlink_install=False, test_result_base=None, continue_on_error=False, executor='parallel', parallel_workers=8, event_handlers=None, ignore_user_meta=False, metas=['./colcon.meta'], base_paths=['.'], packages_ignore=None, packages_ignore_regex=None, paths=None, packages_up_to=None, packages_up_to_regex=None, packages_above=None, packages_above_and_dependencies=None, packages_above_depth=None, packages_select_by_dep=None, packages_skip_by_dep=None, packages_skip_up_to=None, packages_select_build_failed=False, packages_skip_build_finished=False, packages_select_test_failures=False, packages_skip_test_passed=False, packages_select=None, packages_skip=None, packages_select_regex=None, packages_skip_regex=None, packages_start=None, packages_end=None, allow_overriding=[], cmake_args=None, cmake_target=None, cmake_target_skip_unavailable=False, cmake_clean_cache=False, cmake_clean_first=False, cmake_force_configure=False, ament_cmake_args=None, catkin_cmake_args=None, catkin_skip_building_tests=False, verb_parser=<colcon_defaults.argument_parser.defaults.DefaultArgumentsDecorator object at 0x7f93255d33d0>, verb_extension=<colcon_core.verb.build.BuildVerb object at 0x7f93257f8cd0>, main=<bound method BuildVerb.main of <colcon_core.verb.build.BuildVerb object at 0x7f93257f8cd0>>)
[2.622s] Level 1:colcon.colcon_core.package_discovery:discover_packages(colcon_meta) check parameters
[2.622s] Level 1:colcon.colcon_core.package_discovery:discover_packages(recursive) check parameters
[2.622s] Level 1:colcon.colcon_core.package_discovery:discover_packages(ignore) check parameters
[2.622s] Level 1:colcon.colcon_core.package_discovery:discover_packages(path) check parameters
[2.623s] Level 1:colcon.colcon_core.package_discovery:discover_packages(colcon_meta) discover
[2.623s] Level 1:colcon.colcon_core.package_discovery:discover_packages(recursive) discover
[2.623s] INFO:colcon.colcon_core.package_discovery:Crawling recursively for packages in '/root/ros2_ws'
[2.623s] Level 1:colcon.colcon_core.package_identification:_identify(.) by extensions ['ignore', 'ignore_ament_install']
[2.623s] Level 1:colcon.colcon_core.package_identification:_identify(.) by extension 'ignore'
[2.623s] Level 1:colcon.colcon_core.package_identification:_identify(.) by extension 'ignore_ament_install'
[2.623s] Level 1:colcon.colcon_core.package_identification:_identify(.) by extensions ['colcon_pkg']
[2.624s] Level 1:colcon.colcon_core.package_identification:_identify(.) by extension 'colcon_pkg'
[2.624s] Level 1:colcon.colcon_core.package_identification:_identify(.) by extensions ['colcon_meta']
[2.624s] Level 1:colcon.colcon_core.package_identification:_identify(.) by extension 'colcon_meta'
[2.624s] Level 1:colcon.colcon_core.package_identification:_identify(.) by extensions ['ros']
[2.624s] Level 1:colcon.colcon_core.package_identification:_identify(.) by extension 'ros'
[2.685s] Level 1:colcon.colcon_core.package_identification:_identify(.) by extensions ['cmake', 'python']
[2.685s] Level 1:colcon.colcon_core.package_identification:_identify(.) by extension 'cmake'
[2.685s] Level 1:colcon.colcon_core.package_identification:_identify(.) by extension 'python'
[2.685s] Level 1:colcon.colcon_core.package_identification:_identify(.) by extensions ['python_setup_py']
[2.685s] Level 1:colcon.colcon_core.package_identification:_identify(.) by extension 'python_setup_py'
[2.685s] Level 1:colcon.colcon_core.package_identification:_identify(build) by extensions ['ignore', 'ignore_ament_install']
[2.685s] Level 1:colcon.colcon_core.package_identification:_identify(build) by extension 'ignore'
[2.686s] Level 1:colcon.colcon_core.package_identification:_identify(build) ignored
[2.686s] Level 1:colcon.colcon_core.package_identification:_identify(install) by extensions ['ignore', 'ignore_ament_install']
[2.686s] Level 1:colcon.colcon_core.package_identification:_identify(install) by extension 'ignore'
[2.686s] Level 1:colcon.colcon_core.package_identification:_identify(install) ignored
[2.686s] Level 1:colcon.colcon_core.package_identification:_identify(log) by extensions ['ignore', 'ignore_ament_install']
[2.686s] Level 1:colcon.colcon_core.package_identification:_identify(log) by extension 'ignore'
[2.686s] Level 1:colcon.colcon_core.package_identification:_identify(log) ignored
[2.686s] Level 1:colcon.colcon_core.package_identification:_identify(src) by extensions ['ignore', 'ignore_ament_install']
[2.687s] Level 1:colcon.colcon_core.package_identification:_identify(src) by extension 'ignore'
[2.687s] Level 1:colcon.colcon_core.package_identification:_identify(src) by extension 'ignore_ament_install'
[2.687s] Level 1:colcon.colcon_core.package_identification:_identify(src) by extensions ['colcon_pkg']
[2.687s] Level 1:colcon.colcon_core.package_identification:_identify(src) by extension 'colcon_pkg'
[2.687s] Level 1:colcon.colcon_core.package_identification:_identify(src) by extensions ['colcon_meta']
[2.687s] Level 1:colcon.colcon_core.package_identification:_identify(src) by extension 'colcon_meta'
[2.688s] Level 1:colcon.colcon_core.package_identification:_identify(src) by extensions ['ros']
[2.688s] Level 1:colcon.colcon_core.package_identification:_identify(src) by extension 'ros'
[2.688s] Level 1:colcon.colcon_core.package_identification:_identify(src) by extensions ['cmake', 'python']
[2.689s] Level 1:colcon.colcon_core.package_identification:_identify(src) by extension 'cmake'
[2.689s] Level 1:colcon.colcon_core.package_identification:_identify(src) by extension 'python'
[2.689s] Level 1:colcon.colcon_core.package_identification:_identify(src) by extensions ['python_setup_py']
[2.689s] Level 1:colcon.colcon_core.package_identification:_identify(src) by extension 'python_setup_py'
[2.689s] Level 1:colcon.colcon_core.package_identification:_identify(src/track_car) by extensions ['ignore', 'ignore_ament_install']
[2.689s] Level 1:colcon.colcon_core.package_identification:_identify(src/track_car) by extension 'ignore'
[2.690s] Level 1:colcon.colcon_core.package_identification:_identify(src/track_car) by extension 'ignore_ament_install'
[2.690s] Level 1:colcon.colcon_core.package_identification:_identify(src/track_car) by extensions ['colcon_pkg']
[2.690s] Level 1:colcon.colcon_core.package_identification:_identify(src/track_car) by extension 'colcon_pkg'
[2.690s] Level 1:colcon.colcon_core.package_identification:_identify(src/track_car) by extensions ['colcon_meta']
[2.690s] Level 1:colcon.colcon_core.package_identification:_identify(src/track_car) by extension 'colcon_meta'
[2.690s] Level 1:colcon.colcon_core.package_identification:_identify(src/track_car) by extensions ['ros']
[2.690s] Level 1:colcon.colcon_core.package_identification:_identify(src/track_car) by extension 'ros'
[2.710s] DEBUG:colcon.colcon_core.package_identification:Package 'src/track_car' with type 'ros.ament_cmake' and name 'track_car'
[2.710s] Level 1:colcon.colcon_core.package_discovery:discover_packages(recursive) using defaults
[2.711s] Level 1:colcon.colcon_core.package_discovery:discover_packages(ignore) discover
[2.711s] Level 1:colcon.colcon_core.package_discovery:discover_packages(ignore) using defaults
[2.711s] Level 1:colcon.colcon_core.package_discovery:discover_packages(path) discover
[2.711s] Level 1:colcon.colcon_core.package_discovery:discover_packages(path) using defaults
[2.791s] Level 1:colcon.colcon_core.package_discovery:discover_packages(prefix_path) check parameters
[2.792s] Level 1:colcon.colcon_core.package_discovery:discover_packages(prefix_path) discover
[2.797s] DEBUG:colcon.colcon_installed_package_information.package_discovery:Found 278 installed packages in /opt/ros/humble
[2.813s] Level 1:colcon.colcon_core.package_discovery:discover_packages(prefix_path) using defaults
[2.858s] Level 5:colcon.colcon_core.verb:set package 'track_car' build argument 'cmake_args' from command line to 'None'
[2.858s] Level 5:colcon.colcon_core.verb:set package 'track_car' build argument 'cmake_target' from command line to 'None'
[2.859s] Level 5:colcon.colcon_core.verb:set package 'track_car' build argument 'cmake_target_skip_unavailable' from command line to 'False'
[2.859s] Level 5:colcon.colcon_core.verb:set package 'track_car' build argument 'cmake_clean_cache' from command line to 'False'
[2.859s] Level 5:colcon.colcon_core.verb:set package 'track_car' build argument 'cmake_clean_first' from command line to 'False'
[2.859s] Level 5:colcon.colcon_core.verb:set package 'track_car' build argument 'cmake_force_configure' from command line to 'False'
[2.859s] Level 5:colcon.colcon_core.verb:set package 'track_car' build argument 'ament_cmake_args' from command line to 'None'
[2.859s] Level 5:colcon.colcon_core.verb:set package 'track_car' build argument 'catkin_cmake_args' from command line to 'None'
[2.859s] Level 5:colcon.colcon_core.verb:set package 'track_car' build argument 'catkin_skip_building_tests' from command line to 'False'
[2.859s] DEBUG:colcon.colcon_core.verb:Building package 'track_car' with the following arguments: {'ament_cmake_args': None, 'build_base': '/root/ros2_ws/build/track_car', 'catkin_cmake_args': None, 'catkin_skip_building_tests': False, 'cmake_args': None, 'cmake_clean_cache': False, 'cmake_clean_first': False, 'cmake_force_configure': False, 'cmake_target': None, 'cmake_target_skip_unavailable': False, 'install_base': '/root/ros2_ws/install/track_car', 'merge_install': False, 'path': '/root/ros2_ws/src/track_car', 'symlink_install': False, 'test_result_base': None}
[2.859s] INFO:colcon.colcon_core.executor:Executing jobs using 'parallel' executor
[2.860s] DEBUG:colcon.colcon_parallel_executor.executor.parallel:run_until_complete
[2.860s] INFO:colcon.colcon_ros.task.ament_cmake.build:Building ROS package in '/root/ros2_ws/src/track_car' with build type 'ament_cmake'
[2.861s] INFO:colcon.colcon_cmake.task.cmake.build:Building CMake package in '/root/ros2_ws/src/track_car'
[2.868s] INFO:colcon.colcon_core.plugin_system:Skipping extension 'colcon_core.shell.bat': Not used on non-Windows systems
[2.868s] INFO:colcon.colcon_core.shell:Skip shell extension 'powershell' for command environment: Not usable outside of PowerShell
[2.868s] DEBUG:colcon.colcon_core.shell:Skip shell extension 'dsv' for command environment
[2.900s] DEBUG:colcon.colcon_core.event_handler.log_command:Invoking command in '/root/ros2_ws/build/track_car': CMAKE_PREFIX_PATH=/opt/ros/humble /usr/bin/cmake --build /root/ros2_ws/build/track_car -- -j8 -l8
[4.128s] DEBUG:colcon.colcon_core.event_handler.log_command:Invoked command in '/root/ros2_ws/build/track_car' returned '0': CMAKE_PREFIX_PATH=/opt/ros/humble /usr/bin/cmake --build /root/ros2_ws/build/track_car -- -j8 -l8
[4.140s] DEBUG:colcon.colcon_core.event_handler.log_command:Invoking command in '/root/ros2_ws/build/track_car': CMAKE_PREFIX_PATH=/opt/ros/humble /usr/bin/cmake --install /root/ros2_ws/build/track_car
[4.259s] Level 1:colcon.colcon_core.environment:create_environment_scripts_only(track_car)
[4.260s] DEBUG:colcon.colcon_core.event_handler.log_command:Invoked command in '/root/ros2_ws/build/track_car' returned '0': CMAKE_PREFIX_PATH=/opt/ros/humble /usr/bin/cmake --install /root/ros2_ws/build/track_car
[4.267s] Level 1:colcon.colcon_core.environment:checking '/root/ros2_ws/install/track_car' for CMake module files
[4.267s] Level 1:colcon.colcon_core.environment:checking '/root/ros2_ws/install/track_car' for CMake config files
[4.268s] Level 1:colcon.colcon_core.shell:create_environment_hook('track_car', 'cmake_prefix_path')
[4.268s] INFO:colcon.colcon_core.shell:Creating environment hook '/root/ros2_ws/install/track_car/share/track_car/hook/cmake_prefix_path.ps1'
[4.280s] INFO:colcon.colcon_core.shell:Creating environment descriptor '/root/ros2_ws/install/track_car/share/track_car/hook/cmake_prefix_path.dsv'
[4.281s] INFO:colcon.colcon_core.shell:Creating environment hook '/root/ros2_ws/install/track_car/share/track_car/hook/cmake_prefix_path.sh'
[4.282s] Level 1:colcon.colcon_core.environment:checking '/root/ros2_ws/install/track_car/lib'
[4.283s] Level 1:colcon.colcon_core.environment:checking '/root/ros2_ws/install/track_car/bin'
[4.283s] Level 1:colcon.colcon_core.environment:checking '/root/ros2_ws/install/track_car/lib/pkgconfig/track_car.pc'
[4.283s] Level 1:colcon.colcon_core.environment:checking '/root/ros2_ws/install/track_car/lib/python3.10/site-packages'
[4.283s] Level 1:colcon.colcon_core.environment:checking '/root/ros2_ws/install/track_car/bin'
[4.284s] INFO:colcon.colcon_core.shell:Creating package script '/root/ros2_ws/install/track_car/share/track_car/package.ps1'
[4.288s] INFO:colcon.colcon_core.shell:Creating package descriptor '/root/ros2_ws/install/track_car/share/track_car/package.dsv'
[4.290s] INFO:colcon.colcon_core.shell:Creating package script '/root/ros2_ws/install/track_car/share/track_car/package.sh'
[4.292s] INFO:colcon.colcon_core.shell:Creating package script '/root/ros2_ws/install/track_car/share/track_car/package.bash'
[4.294s] INFO:colcon.colcon_core.shell:Creating package script '/root/ros2_ws/install/track_car/share/track_car/package.zsh'
[4.310s] Level 1:colcon.colcon_core.environment:create_file_with_runtime_dependencies(/root/ros2_ws/install/track_car/share/colcon-core/packages/track_car)
[4.323s] Level 1:colcon.colcon_core.environment:create_environment_scripts_only(track_car)
[4.325s] Level 1:colcon.colcon_core.environment:checking '/root/ros2_ws/install/track_car' for CMake module files
[4.328s] Level 1:colcon.colcon_core.environment:checking '/root/ros2_ws/install/track_car' for CMake config files
[4.329s] Level 1:colcon.colcon_core.shell:create_environment_hook('track_car', 'cmake_prefix_path')
[4.331s] INFO:colcon.colcon_core.shell:Creating environment hook '/root/ros2_ws/install/track_car/share/track_car/hook/cmake_prefix_path.ps1'
[4.333s] INFO:colcon.colcon_core.shell:Creating environment descriptor '/root/ros2_ws/install/track_car/share/track_car/hook/cmake_prefix_path.dsv'
[4.334s] INFO:colcon.colcon_core.shell:Creating environment hook '/root/ros2_ws/install/track_car/share/track_car/hook/cmake_prefix_path.sh'
[4.341s] Level 1:colcon.colcon_core.environment:checking '/root/ros2_ws/install/track_car/lib'
[4.342s] Level 1:colcon.colcon_core.environment:checking '/root/ros2_ws/install/track_car/bin'
[4.342s] Level 1:colcon.colcon_core.environment:checking '/root/ros2_ws/install/track_car/lib/pkgconfig/track_car.pc'
[4.343s] Level 1:colcon.colcon_core.environment:checking '/root/ros2_ws/install/track_car/lib/python3.10/site-packages'
[4.344s] Level 1:colcon.colcon_core.environment:checking '/root/ros2_ws/install/track_car/bin'
[4.345s] INFO:colcon.colcon_core.shell:Creating package script '/root/ros2_ws/install/track_car/share/track_car/package.ps1'
[4.347s] INFO:colcon.colcon_core.shell:Creating package descriptor '/root/ros2_ws/install/track_car/share/track_car/package.dsv'
[4.348s] INFO:colcon.colcon_core.shell:Creating package script '/root/ros2_ws/install/track_car/share/track_car/package.sh'
[4.348s] INFO:colcon.colcon_core.shell:Creating package script '/root/ros2_ws/install/track_car/share/track_car/package.bash'
[4.349s] INFO:colcon.colcon_core.shell:Creating package script '/root/ros2_ws/install/track_car/share/track_car/package.zsh'
[4.350s] Level 1:colcon.colcon_core.environment:create_file_with_runtime_dependencies(/root/ros2_ws/install/track_car/share/colcon-core/packages/track_car)
[4.350s] DEBUG:colcon.colcon_parallel_executor.executor.parallel:closing loop
[4.351s] DEBUG:colcon.colcon_parallel_executor.executor.parallel:loop closed
[4.352s] DEBUG:colcon.colcon_parallel_executor.executor.parallel:run_until_complete finished with '0'
[4.352s] DEBUG:colcon.colcon_core.event_reactor:joining thread
[4.388s] INFO:colcon.colcon_core.plugin_system:Skipping extension 'colcon_notification.desktop_notification.notify_send': Could not find 'notify-send'
[4.389s] INFO:colcon.colcon_core.plugin_system:Skipping extension 'colcon_notification.desktop_notification.terminal_notifier': Not used on non-Darwin systems
[4.389s] INFO:colcon.colcon_core.plugin_system:Skipping extension 'colcon_notification.desktop_notification.win32': Not used on non-Windows systems
[4.389s] INFO:colcon.colcon_notification.desktop_notification:Sending desktop notification using 'notify2'
[4.389s] DEBUG:colcon.colcon_notification.desktop_notification.notify2:Failed to initialize notify2: org.freedesktop.DBus.Error.FileNotFound: Failed to connect to socket /run/user/0/bus: No such file or directory
[4.389s] DEBUG:colcon.colcon_core.event_reactor:joined thread
[4.390s] INFO:colcon.colcon_core.shell:Creating prefix script '/root/ros2_ws/install/local_setup.ps1'
[4.391s] INFO:colcon.colcon_core.shell:Creating prefix util module '/root/ros2_ws/install/_local_setup_util_ps1.py'
[4.393s] INFO:colcon.colcon_core.shell:Creating prefix chain script '/root/ros2_ws/install/setup.ps1'
[4.394s] INFO:colcon.colcon_core.shell:Creating prefix script '/root/ros2_ws/install/local_setup.sh'
[4.397s] INFO:colcon.colcon_core.shell:Creating prefix util module '/root/ros2_ws/install/_local_setup_util_sh.py'
[4.398s] INFO:colcon.colcon_core.shell:Creating prefix chain script '/root/ros2_ws/install/setup.sh'
[4.400s] INFO:colcon.colcon_core.shell:Creating prefix script '/root/ros2_ws/install/local_setup.bash'
[4.402s] INFO:colcon.colcon_core.shell:Creating prefix chain script '/root/ros2_ws/install/setup.bash'
[4.404s] INFO:colcon.colcon_core.shell:Creating prefix script '/root/ros2_ws/install/local_setup.zsh'
[4.405s] INFO:colcon.colcon_core.shell:Creating prefix chain script '/root/ros2_ws/install/setup.zsh'
