[0.024s] Invoking command in '/root/ros2_ws/build/track_car': CMAKE_PREFIX_PATH=${CMAKE_PREFIX_PATH}:/opt/ros/humble /usr/bin/cmake --build /root/ros2_ws/build/track_car -- -j8 -l8
[0.056s] -- Found ament_cmake: 1.3.11 (/opt/ros/humble/share/ament_cmake/cmake)
[0.274s] -- Override CMake install command with custom implementation using symlinks instead of copying resources
[0.282s] -- Found rclcpp: 16.0.12 (/opt/ros/humble/share/rclcpp/cmake)
[0.382s] -- Found rosidl_generator_c: 3.1.6 (/opt/ros/humble/share/rosidl_generator_c/cmake)
[0.385s] -- Found rosidl_adapter: 3.1.6 (/opt/ros/humble/share/rosidl_adapter/cmake)
[0.400s] -- Found rosidl_generator_cpp: 3.1.6 (/opt/ros/humble/share/rosidl_generator_cpp/cmake)
[0.409s] -- Using all available rosidl_typesupport_c: rosidl_typesupport_fastrtps_c;rosidl_typesupport_introspection_c
[0.422s] -- Using all available rosidl_typesupport_cpp: rosidl_typesupport_fastrtps_cpp;rosidl_typesupport_introspection_cpp
[0.453s] -- Found rmw_implementation_cmake: 6.1.2 (/opt/ros/humble/share/rmw_implementation_cmake/cmake)
[0.455s] -- Found rmw_fastrtps_cpp: 6.2.7 (/opt/ros/humble/share/rmw_fastrtps_cpp/cmake)
[3.219s] -- Using RMW implementation 'rmw_fastrtps_cpp' as default
[3.269s] -- Found geometry_msgs: 4.8.0 (/opt/ros/humble/share/geometry_msgs/cmake)
[3.282s] -- Found sensor_msgs: 4.8.0 (/opt/ros/humble/share/sensor_msgs/cmake)
[3.297s] -- Found nav_msgs: 4.8.0 (/opt/ros/humble/share/nav_msgs/cmake)
[3.312s] -- Found tf2: 0.25.12 (/opt/ros/humble/share/tf2/cmake)
[3.378s] -- Configuring done
[3.394s] -- Generating done
[3.401s] -- Build files have been written to: /root/ros2_ws/build/track_car
[3.428s] [35m[1mConsolidate compiler generated dependencies of target alg_main[0m
[3.453s] [ 55%] Built target alg_main
[3.593s] [35m[1mConsolidate compiler generated dependencies of target track_car_node[0m
[3.612s] [35m[1mConsolidate compiler generated dependencies of target control_node[0m
[3.616s] [ 77%] Built target track_car_node
[3.635s] [100%] Built target control_node
[3.646s] Invoked command in '/root/ros2_ws/build/track_car' returned '0': CMAKE_PREFIX_PATH=${CMAKE_PREFIX_PATH}:/opt/ros/humble /usr/bin/cmake --build /root/ros2_ws/build/track_car -- -j8 -l8
[3.656s] Invoking command in '/root/ros2_ws/build/track_car': CMAKE_PREFIX_PATH=${CMAKE_PREFIX_PATH}:/opt/ros/humble /usr/bin/cmake --install /root/ros2_ws/build/track_car
[3.661s] -- Install configuration: ""
[3.661s] -- Execute custom install script
[3.662s] -- Up-to-date symlink: /root/ros2_ws/install/track_car/lib/track_car/track_car_node
[3.662s] -- Up-to-date symlink: /root/ros2_ws/install/track_car/lib/track_car/control_node
[3.662s] -- Symlinking: /root/ros2_ws/install/track_car/lib/track_car/alg_main
[3.670s] -- Up-to-date symlink: /root/ros2_ws/install/track_car/share/ament_index/resource_index/package_run_dependencies/track_car
[3.686s] -- Up-to-date symlink: /root/ros2_ws/install/track_car/share/ament_index/resource_index/parent_prefix_path/track_car
[3.686s] -- Up-to-date symlink: /root/ros2_ws/install/track_car/share/track_car/environment/ament_prefix_path.sh
[3.686s] -- Up-to-date symlink: /root/ros2_ws/install/track_car/share/track_car/environment/ament_prefix_path.dsv
[3.687s] -- Up-to-date symlink: /root/ros2_ws/install/track_car/share/track_car/environment/path.sh
[3.687s] -- Up-to-date symlink: /root/ros2_ws/install/track_car/share/track_car/environment/path.dsv
[3.687s] -- Up-to-date symlink: /root/ros2_ws/install/track_car/share/track_car/local_setup.bash
[3.687s] -- Up-to-date symlink: /root/ros2_ws/install/track_car/share/track_car/local_setup.sh
[3.687s] -- Up-to-date symlink: /root/ros2_ws/install/track_car/share/track_car/local_setup.zsh
[3.688s] -- Up-to-date symlink: /root/ros2_ws/install/track_car/share/track_car/local_setup.dsv
[3.688s] -- Symlinking: /root/ros2_ws/install/track_car/share/track_car/package.dsv
[3.721s] -- Up-to-date symlink: /root/ros2_ws/install/track_car/share/ament_index/resource_index/packages/track_car
[3.722s] -- Up-to-date symlink: /root/ros2_ws/install/track_car/share/track_car/cmake/track_carConfig.cmake
[3.722s] -- Up-to-date symlink: /root/ros2_ws/install/track_car/share/track_car/cmake/track_carConfig-version.cmake
[3.722s] -- Up-to-date symlink: /root/ros2_ws/install/track_car/share/track_car/package.xml
[3.725s] Invoked command in '/root/ros2_ws/build/track_car' returned '0': CMAKE_PREFIX_PATH=${CMAKE_PREFIX_PATH}:/opt/ros/humble /usr/bin/cmake --install /root/ros2_ws/build/track_car
