[0.019s] Invoking command in '/root/ros2_ws/build/track_car': CMAKE_PREFIX_PATH=${CMAKE_PREFIX_PATH}:/opt/ros/humble /usr/bin/cmake /root/ros2_ws/src/track_car -DCMAKE_INSTALL_PREFIX=/root/ros2_ws/install/track_car
[1.591s] -- The C compiler identification is GNU 11.4.0
[1.835s] -- The CXX compiler identification is GNU 11.4.0
[1.967s] -- Detecting C compiler ABI info
[2.108s] -- Detecting C compiler ABI info - done
[2.114s] -- Check for working C compiler: /usr/bin/cc - skipped
[2.115s] -- Detecting C compile features
[2.127s] -- Detecting C compile features - done
[2.131s] -- Detecting CXX compiler ABI info
[2.253s] -- Detecting CXX compiler ABI info - done
[2.261s] -- Check for working CXX compiler: /usr/bin/c++ - skipped
[2.261s] -- Detecting CXX compile features
[2.261s] -- Detecting CXX compile features - done
[2.488s] -- Found ament_cmake: 1.3.11 (/opt/ros/humble/share/ament_cmake/cmake)
[2.649s] -- Found Python3: /usr/bin/python3 (found version "3.10.12") found components: Interpreter 
[2.776s] -- Found rclcpp: 16.0.12 (/opt/ros/humble/share/rclcpp/cmake)
[2.963s] -- Found rosidl_generator_c: 3.1.6 (/opt/ros/humble/share/rosidl_generator_c/cmake)
[2.980s] -- Found rosidl_adapter: 3.1.6 (/opt/ros/humble/share/rosidl_adapter/cmake)
[2.986s] -- Found rosidl_generator_cpp: 3.1.6 (/opt/ros/humble/share/rosidl_generator_cpp/cmake)
[3.054s] -- Using all available rosidl_typesupport_c: rosidl_typesupport_fastrtps_c;rosidl_typesupport_introspection_c
[3.080s] -- Using all available rosidl_typesupport_cpp: rosidl_typesupport_fastrtps_cpp;rosidl_typesupport_introspection_cpp
[3.204s] -- Found rmw_implementation_cmake: 6.1.2 (/opt/ros/humble/share/rmw_implementation_cmake/cmake)
[3.206s] -- Found rmw_fastrtps_cpp: 6.2.7 (/opt/ros/humble/share/rmw_fastrtps_cpp/cmake)
[4.346s] -- Found OpenSSL: /usr/lib/x86_64-linux-gnu/libcrypto.so (found version "3.0.2")  
[5.061s] -- Found FastRTPS: /opt/ros/humble/include  
[6.333s] -- Using RMW implementation 'rmw_fastrtps_cpp' as default
[6.362s] -- Looking for pthread.h
[6.488s] -- Looking for pthread.h - found
[6.488s] -- Performing Test CMAKE_HAVE_LIBC_PTHREAD
[6.587s] -- Performing Test CMAKE_HAVE_LIBC_PTHREAD - Success
[6.588s] -- Found Threads: TRUE  
[6.644s] -- Found geometry_msgs: 4.8.0 (/opt/ros/humble/share/geometry_msgs/cmake)
[6.660s] -- Found sensor_msgs: 4.8.0 (/opt/ros/humble/share/sensor_msgs/cmake)
[6.685s] -- Found nav_msgs: 4.8.0 (/opt/ros/humble/share/nav_msgs/cmake)
[6.743s] -- Found tf2: 0.25.12 (/opt/ros/humble/share/tf2/cmake)
[7.366s] [31mCMake Error at CMakeLists.txt:16 (find_package):
[7.366s]   By not providing "FindGeographicLib.cmake" in CMAKE_MODULE_PATH this
[7.366s]   project has asked CMake to find a package configuration file provided by
[7.366s]   "GeographicLib", but CMake did not find one.
[7.366s] 
[7.366s]   Could not find a package configuration file provided by "GeographicLib"
[7.366s]   with any of the following names:
[7.366s] 
[7.366s]     GeographicLibConfig.cmake
[7.367s]     geographiclib-config.cmake
[7.367s] 
[7.367s]   Add the installation prefix of "GeographicLib" to CMAKE_PREFIX_PATH or set
[7.367s]   "GeographicLib_DIR" to a directory containing one of the above files.  If
[7.367s]   "GeographicLib" provides a separate development package or SDK, be sure it
[7.367s]   has been installed.
[7.367s] 
[7.367s] [0m
[7.367s] -- Configuring incomplete, errors occurred!
[7.367s] See also "/root/ros2_ws/build/track_car/CMakeFiles/CMakeOutput.log".
[7.373s] Invoked command in '/root/ros2_ws/build/track_car' returned '1': CMAKE_PREFIX_PATH=${CMAKE_PREFIX_PATH}:/opt/ros/humble /usr/bin/cmake /root/ros2_ws/src/track_car -DCMAKE_INSTALL_PREFIX=/root/ros2_ws/install/track_car
