[0.014s] Invoking command in '/root/ros2_ws/build/track_car': CMAKE_PREFIX_PATH=${CMAKE_PREFIX_PATH}:/opt/ros/humble /usr/bin/cmake /root/ros2_ws/src/track_car -DCMAKE_INSTALL_PREFIX=/root/ros2_ws/install/track_car
[0.088s] -- The C compiler identification is GNU 11.4.0
[0.311s] -- The CXX compiler identification is GNU 11.4.0
[0.452s] -- Detecting C compiler ABI info
[0.727s] -- Detecting C compiler ABI info - done
[0.734s] -- Check for working C compiler: /usr/bin/cc - skipped
[0.735s] -- Detecting C compile features
[0.735s] -- Detecting C compile features - done
[0.737s] -- Detecting CXX compiler ABI info
[0.829s] -- Detecting CXX compiler ABI info - done
[0.835s] -- Check for working CXX compiler: /usr/bin/c++ - skipped
[0.835s] -- Detecting CXX compile features
[0.836s] -- Detecting CXX compile features - done
[0.837s] -- Found ament_cmake: 1.3.11 (/opt/ros/humble/share/ament_cmake/cmake)
[0.957s] -- Found Python3: /usr/bin/python3 (found version "3.10.12") found components: Interpreter 
[1.022s] -- Found rclcpp: 16.0.12 (/opt/ros/humble/share/rclcpp/cmake)
[1.118s] -- Found rosidl_generator_c: 3.1.6 (/opt/ros/humble/share/rosidl_generator_c/cmake)
[1.122s] -- Found rosidl_adapter: 3.1.6 (/opt/ros/humble/share/rosidl_adapter/cmake)
[1.128s] -- Found rosidl_generator_cpp: 3.1.6 (/opt/ros/humble/share/rosidl_generator_cpp/cmake)
[1.138s] -- Using all available rosidl_typesupport_c: rosidl_typesupport_fastrtps_c;rosidl_typesupport_introspection_c
[1.151s] -- Using all available rosidl_typesupport_cpp: rosidl_typesupport_fastrtps_cpp;rosidl_typesupport_introspection_cpp
[1.185s] -- Found rmw_implementation_cmake: 6.1.2 (/opt/ros/humble/share/rmw_implementation_cmake/cmake)
[1.187s] -- Found rmw_fastrtps_cpp: 6.2.7 (/opt/ros/humble/share/rmw_fastrtps_cpp/cmake)
[1.836s] -- Found OpenSSL: /usr/lib/x86_64-linux-gnu/libcrypto.so (found version "3.0.2")  
[2.510s] -- Found FastRTPS: /opt/ros/humble/include  
[3.735s] -- Using RMW implementation 'rmw_fastrtps_cpp' as default
[3.741s] -- Looking for pthread.h
[3.827s] -- Looking for pthread.h - found
[3.827s] -- Performing Test CMAKE_HAVE_LIBC_PTHREAD
[3.913s] -- Performing Test CMAKE_HAVE_LIBC_PTHREAD - Success
[3.914s] -- Found Threads: TRUE  
[3.958s] -- Found geometry_msgs: 4.8.0 (/opt/ros/humble/share/geometry_msgs/cmake)
[3.970s] -- Found sensor_msgs: 4.8.0 (/opt/ros/humble/share/sensor_msgs/cmake)
[3.986s] -- Found nav_msgs: 4.8.0 (/opt/ros/humble/share/nav_msgs/cmake)
[4.002s] -- Found tf2: 0.25.12 (/opt/ros/humble/share/tf2/cmake)
[4.062s] -- Configuring done
[4.078s] -- Generating done
[4.083s] -- Build files have been written to: /root/ros2_ws/build/track_car
[4.092s] Invoked command in '/root/ros2_ws/build/track_car' returned '0': CMAKE_PREFIX_PATH=${CMAKE_PREFIX_PATH}:/opt/ros/humble /usr/bin/cmake /root/ros2_ws/src/track_car -DCMAKE_INSTALL_PREFIX=/root/ros2_ws/install/track_car
[4.094s] Invoking command in '/root/ros2_ws/build/track_car': CMAKE_PREFIX_PATH=${CMAKE_PREFIX_PATH}:/opt/ros/humble /usr/bin/cmake --build /root/ros2_ws/build/track_car -- -j8 -l8
[4.128s] [35m[1mConsolidate compiler generated dependencies of target control_node[0m
[4.128s] [35m[1mConsolidate compiler generated dependencies of target track_car_node[0m
[4.132s] [35m[1mConsolidate compiler generated dependencies of target alg_main[0m
[4.150s] [ 22%] Built target control_node
[4.165s] [ 44%] Built target track_car_node
[4.168s] [ 55%] [32m[1mLinking CXX executable alg_main[0m
[4.986s] /usr/bin/ld: CMakeFiles/alg_main.dir/src/AutoDriveControl.cpp.o: in function `AutoDriveControl::listen_for_keypress()':
[4.986s] AutoDriveControl.cpp:(.text+0x2e34): undefined reference to `AutoDriveControl::get_keypress()'
[5.019s] collect2: error: ld returned 1 exit status
[5.020s] gmake[2]: *** [CMakeFiles/alg_main.dir/build.make:232: alg_main] Error 1
[5.020s] gmake[1]: *** [CMakeFiles/Makefile2:193: CMakeFiles/alg_main.dir/all] Error 2
[5.021s] gmake: *** [Makefile:146: all] Error 2
[5.023s] Invoked command in '/root/ros2_ws/build/track_car' returned '2': CMAKE_PREFIX_PATH=${CMAKE_PREFIX_PATH}:/opt/ros/humble /usr/bin/cmake --build /root/ros2_ws/build/track_car -- -j8 -l8
