[0.057s] Invoking command in '/root/ros2_ws/build/track_car': CMAKE_PREFIX_PATH=${CMAKE_PREFIX_PATH}:/opt/ros/humble /usr/bin/cmake --build /root/ros2_ws/build/track_car -- -j8 -l8
[0.133s] [35m[1mConsolidate compiler generated dependencies of target alg_main[0m
[0.154s] [ 22%] Built target control_node
[0.159s] [ 44%] Built target track_car_node
[0.200s] [ 55%] [32mBuilding CXX object CMakeFiles/alg_main.dir/src/MemoryTrajectoryGenerate.cpp.o[0m
[23.240s] [ 66%] [32m[1mLinking CXX executable alg_main[0m
[24.963s] [100%] Built target alg_main
[25.066s] Invoked command in '/root/ros2_ws/build/track_car' returned '0': CMAKE_PREFIX_PATH=${CMAKE_PREFIX_PATH}:/opt/ros/humble /usr/bin/cmake --build /root/ros2_ws/build/track_car -- -j8 -l8
[25.083s] Invoking command in '/root/ros2_ws/build/track_car': CMAKE_PREFIX_PATH=${CMAKE_PREFIX_PATH}:/opt/ros/humble /usr/bin/cmake --install /root/ros2_ws/build/track_car
[25.096s] -- Install configuration: ""
[25.096s] -- Execute custom install script
[25.097s] -- Up-to-date symlink: /root/ros2_ws/install/track_car/lib/track_car/track_car_node
[25.097s] -- Up-to-date symlink: /root/ros2_ws/install/track_car/lib/track_car/control_node
[25.098s] -- Up-to-date symlink: /root/ros2_ws/install/track_car/lib/track_car/alg_main
[25.098s] -- Up-to-date symlink: /root/ros2_ws/install/track_car/share/ament_index/resource_index/package_run_dependencies/track_car
[25.098s] -- Up-to-date symlink: /root/ros2_ws/install/track_car/share/ament_index/resource_index/parent_prefix_path/track_car
[25.099s] -- Up-to-date symlink: /root/ros2_ws/install/track_car/share/track_car/environment/ament_prefix_path.sh
[25.099s] -- Up-to-date symlink: /root/ros2_ws/install/track_car/share/track_car/environment/ament_prefix_path.dsv
[25.099s] -- Up-to-date symlink: /root/ros2_ws/install/track_car/share/track_car/environment/path.sh
[25.099s] -- Up-to-date symlink: /root/ros2_ws/install/track_car/share/track_car/environment/path.dsv
[25.100s] -- Up-to-date symlink: /root/ros2_ws/install/track_car/share/track_car/local_setup.bash
[25.100s] -- Up-to-date symlink: /root/ros2_ws/install/track_car/share/track_car/local_setup.sh
[25.100s] -- Up-to-date symlink: /root/ros2_ws/install/track_car/share/track_car/local_setup.zsh
[25.101s] -- Up-to-date symlink: /root/ros2_ws/install/track_car/share/track_car/local_setup.dsv
[25.101s] -- Symlinking: /root/ros2_ws/install/track_car/share/track_car/package.dsv
[25.125s] -- Up-to-date symlink: /root/ros2_ws/install/track_car/share/ament_index/resource_index/packages/track_car
[25.126s] -- Up-to-date symlink: /root/ros2_ws/install/track_car/share/track_car/cmake/track_carConfig.cmake
[25.126s] -- Up-to-date symlink: /root/ros2_ws/install/track_car/share/track_car/cmake/track_carConfig-version.cmake
[25.126s] -- Up-to-date symlink: /root/ros2_ws/install/track_car/share/track_car/package.xml
[25.130s] Invoked command in '/root/ros2_ws/build/track_car' returned '0': CMAKE_PREFIX_PATH=${CMAKE_PREFIX_PATH}:/opt/ros/humble /usr/bin/cmake --install /root/ros2_ws/build/track_car
