[0.027s] Invoking command in '/root/ros2_ws/build/track_car': CMAKE_PREFIX_PATH=${CMAKE_PREFIX_PATH}:/opt/ros/humble /usr/bin/cmake --build /root/ros2_ws/build/track_car -- -j8 -l8
[0.093s] [35m[1mConsolidate compiler generated dependencies of target control_node[0m
[0.115s] [ 50%] Built target track_car_node
[0.123s] [ 75%] [32mBuilding CXX object CMakeFiles/control_node.dir/src/control_node.cpp.o[0m
[7.462s] [100%] [32m[1mLinking CXX executable control_node[0m
[7.813s] [100%] Built target control_node
[7.828s] Invoked command in '/root/ros2_ws/build/track_car' returned '0': CMAKE_PREFIX_PATH=${CMAKE_PREFIX_PATH}:/opt/ros/humble /usr/bin/cmake --build /root/ros2_ws/build/track_car -- -j8 -l8
[7.841s] Invoking command in '/root/ros2_ws/build/track_car': CMAKE_PREFIX_PATH=${CMAKE_PREFIX_PATH}:/opt/ros/humble /usr/bin/cmake --install /root/ros2_ws/build/track_car
[7.851s] -- Install configuration: ""
[7.852s] -- Up-to-date: /root/ros2_ws/install/track_car/lib/track_car/track_car_node
[7.853s] -- Installing: /root/ros2_ws/install/track_car/lib/track_car/control_node
[7.857s] -- Set runtime path of "/root/ros2_ws/install/track_car/lib/track_car/control_node" to ""
[7.857s] -- Up-to-date: /root/ros2_ws/install/track_car/share/ament_index/resource_index/package_run_dependencies/track_car
[7.858s] -- Up-to-date: /root/ros2_ws/install/track_car/share/ament_index/resource_index/parent_prefix_path/track_car
[7.858s] -- Up-to-date: /root/ros2_ws/install/track_car/share/track_car/environment/ament_prefix_path.sh
[7.858s] -- Up-to-date: /root/ros2_ws/install/track_car/share/track_car/environment/ament_prefix_path.dsv
[7.858s] -- Up-to-date: /root/ros2_ws/install/track_car/share/track_car/environment/path.sh
[7.859s] -- Up-to-date: /root/ros2_ws/install/track_car/share/track_car/environment/path.dsv
[7.859s] -- Up-to-date: /root/ros2_ws/install/track_car/share/track_car/local_setup.bash
[7.859s] -- Up-to-date: /root/ros2_ws/install/track_car/share/track_car/local_setup.sh
[7.859s] -- Up-to-date: /root/ros2_ws/install/track_car/share/track_car/local_setup.zsh
[7.859s] -- Up-to-date: /root/ros2_ws/install/track_car/share/track_car/local_setup.dsv
[7.859s] -- Installing: /root/ros2_ws/install/track_car/share/track_car/package.dsv
[7.859s] -- Up-to-date: /root/ros2_ws/install/track_car/share/ament_index/resource_index/packages/track_car
[7.861s] -- Up-to-date: /root/ros2_ws/install/track_car/share/track_car/cmake/track_carConfig.cmake
[7.862s] -- Up-to-date: /root/ros2_ws/install/track_car/share/track_car/cmake/track_carConfig-version.cmake
[7.863s] -- Up-to-date: /root/ros2_ws/install/track_car/share/track_car/package.xml
[7.863s] Invoked command in '/root/ros2_ws/build/track_car' returned '0': CMAKE_PREFIX_PATH=${CMAKE_PREFIX_PATH}:/opt/ros/humble /usr/bin/cmake --install /root/ros2_ws/build/track_car
