[0.019s] Invoking command in '/root/ros2_ws/build/track_car': CMAKE_PREFIX_PATH=${CMAKE_PREFIX_PATH}:/opt/ros/humble /usr/bin/cmake --build /root/ros2_ws/build/track_car -- -j8 -l8
[0.070s] [35m[1mConsolidate compiler generated dependencies of target control_node[0m
[0.087s] [ 50%] Built target track_car_node
[0.102s] [ 75%] [32mBuilding CXX object CMakeFiles/control_node.dir/src/control_node.cpp.o[0m
[7.479s] [100%] [32m[1mLinking CXX executable control_node[0m
[8.565s] [100%] Built target control_node
[8.581s] Invoked command in '/root/ros2_ws/build/track_car' returned '0': CMAKE_PREFIX_PATH=${CMAKE_PREFIX_PATH}:/opt/ros/humble /usr/bin/cmake --build /root/ros2_ws/build/track_car -- -j8 -l8
[8.594s] Invoking command in '/root/ros2_ws/build/track_car': CMAKE_PREFIX_PATH=${CMAKE_PREFIX_PATH}:/opt/ros/humble /usr/bin/cmake --install /root/ros2_ws/build/track_car
[8.602s] -- Install configuration: ""
[8.629s] -- Up-to-date: /root/ros2_ws/install/track_car/lib/track_car/track_car_node
[8.629s] -- Installing: /root/ros2_ws/install/track_car/lib/track_car/control_node
[8.632s] -- Set runtime path of "/root/ros2_ws/install/track_car/lib/track_car/control_node" to ""
[8.632s] -- Up-to-date: /root/ros2_ws/install/track_car/share/ament_index/resource_index/package_run_dependencies/track_car
[8.633s] -- Installing: /root/ros2_ws/install/track_car/share/ament_index/resource_index/parent_prefix_path/track_car
[8.633s] -- Up-to-date: /root/ros2_ws/install/track_car/share/track_car/environment/ament_prefix_path.sh
[8.633s] -- Installing: /root/ros2_ws/install/track_car/share/track_car/environment/ament_prefix_path.dsv
[8.634s] -- Up-to-date: /root/ros2_ws/install/track_car/share/track_car/environment/path.sh
[8.634s] -- Installing: /root/ros2_ws/install/track_car/share/track_car/environment/path.dsv
[8.634s] -- Up-to-date: /root/ros2_ws/install/track_car/share/track_car/local_setup.bash
[8.634s] -- Up-to-date: /root/ros2_ws/install/track_car/share/track_car/local_setup.sh
[8.635s] -- Up-to-date: /root/ros2_ws/install/track_car/share/track_car/local_setup.zsh
[8.635s] -- Installing: /root/ros2_ws/install/track_car/share/track_car/local_setup.dsv
[8.635s] -- Installing: /root/ros2_ws/install/track_car/share/track_car/package.dsv
[8.635s] -- Up-to-date: /root/ros2_ws/install/track_car/share/ament_index/resource_index/packages/track_car
[8.635s] -- Up-to-date: /root/ros2_ws/install/track_car/share/track_car/cmake/track_carConfig.cmake
[8.635s] -- Up-to-date: /root/ros2_ws/install/track_car/share/track_car/cmake/track_carConfig-version.cmake
[8.635s] -- Up-to-date: /root/ros2_ws/install/track_car/share/track_car/package.xml
[8.637s] Invoked command in '/root/ros2_ws/build/track_car' returned '0': CMAKE_PREFIX_PATH=${CMAKE_PREFIX_PATH}:/opt/ros/humble /usr/bin/cmake --install /root/ros2_ws/build/track_car
