[0.049s] Invoking command in '/root/ros2_ws/build/track_car': CMAKE_PREFIX_PATH=${CMAKE_PREFIX_PATH}:/opt/ros/humble /usr/bin/cmake /root/ros2_ws/src/track_car -DAMENT_CMAKE_SYMLINK_INSTALL=1 -DCMAKE_INSTALL_PREFIX=/root/ros2_ws/install/track_car
[0.137s] -- Found ament_cmake: 1.3.11 (/opt/ros/humble/share/ament_cmake/cmake)
[0.530s] -- Override CMake install command with custom implementation using symlinks instead of copying resources
[0.548s] -- Found rclcpp: 16.0.12 (/opt/ros/humble/share/rclcpp/cmake)
[0.828s] -- Found rosidl_generator_c: 3.1.6 (/opt/ros/humble/share/rosidl_generator_c/cmake)
[0.833s] -- Found rosidl_adapter: 3.1.6 (/opt/ros/humble/share/rosidl_adapter/cmake)
[0.856s] -- Found rosidl_generator_cpp: 3.1.6 (/opt/ros/humble/share/rosidl_generator_cpp/cmake)
[0.881s] -- Using all available rosidl_typesupport_c: rosidl_typesupport_fastrtps_c;rosidl_typesupport_introspection_c
[0.909s] -- Using all available rosidl_typesupport_cpp: rosidl_typesupport_fastrtps_cpp;rosidl_typesupport_introspection_cpp
[0.983s] -- Found rmw_implementation_cmake: 6.1.2 (/opt/ros/humble/share/rmw_implementation_cmake/cmake)
[0.987s] -- Found rmw_fastrtps_cpp: 6.2.7 (/opt/ros/humble/share/rmw_fastrtps_cpp/cmake)
[6.244s] -- Using RMW implementation 'rmw_fastrtps_cpp' as default
[6.339s] -- Found geometry_msgs: 4.8.0 (/opt/ros/humble/share/geometry_msgs/cmake)
[6.361s] -- Found sensor_msgs: 4.8.0 (/opt/ros/humble/share/sensor_msgs/cmake)
[6.399s] -- Found nav_msgs: 4.8.0 (/opt/ros/humble/share/nav_msgs/cmake)
[6.440s] -- Found ament_lint_auto: 0.12.12 (/opt/ros/humble/share/ament_lint_auto/cmake)
[6.574s] -- Added test 'cppcheck' to perform static code analysis on C / C++ code
[6.574s] -- Configured cppcheck include dirs: 
[6.575s] -- Configured cppcheck exclude dirs and/or files: 
[6.579s] -- Added test 'lint_cmake' to check CMake code style
[6.580s] -- Added test 'uncrustify' to check C / C++ code style
[6.580s] -- Configured uncrustify additional arguments: 
[6.581s] -- Added test 'xmllint' to check XML markup files
[6.582s] -- Configuring done
[6.607s] -- Generating done
[6.617s] -- Build files have been written to: /root/ros2_ws/build/track_car
[6.629s] Invoked command in '/root/ros2_ws/build/track_car' returned '0': CMAKE_PREFIX_PATH=${CMAKE_PREFIX_PATH}:/opt/ros/humble /usr/bin/cmake /root/ros2_ws/src/track_car -DAMENT_CMAKE_SYMLINK_INSTALL=1 -DCMAKE_INSTALL_PREFIX=/root/ros2_ws/install/track_car
[6.634s] Invoking command in '/root/ros2_ws/build/track_car': CMAKE_PREFIX_PATH=${CMAKE_PREFIX_PATH}:/opt/ros/humble /usr/bin/cmake --build /root/ros2_ws/build/track_car -- -j8 -l8
[6.690s] [35m[1mConsolidate compiler generated dependencies of target control_node[0m
[6.690s] [35m[1mConsolidate compiler generated dependencies of target track_car_node[0m
[6.725s] [ 50%] Built target control_node
[6.728s] [ 75%] [32mBuilding CXX object CMakeFiles/track_car_node.dir/src/track_car_node.cpp.o[0m
[23.978s] [100%] [32m[1mLinking CXX executable track_car_node[0m
[25.270s] [100%] Built target track_car_node
[25.288s] Invoked command in '/root/ros2_ws/build/track_car' returned '0': CMAKE_PREFIX_PATH=${CMAKE_PREFIX_PATH}:/opt/ros/humble /usr/bin/cmake --build /root/ros2_ws/build/track_car -- -j8 -l8
[25.305s] Invoking command in '/root/ros2_ws/build/track_car': CMAKE_PREFIX_PATH=${CMAKE_PREFIX_PATH}:/opt/ros/humble /usr/bin/cmake --install /root/ros2_ws/build/track_car
[25.319s] -- Install configuration: ""
[25.320s] -- Execute custom install script
[25.321s] -- Up-to-date symlink: /root/ros2_ws/install/track_car/lib/track_car/track_car_node
[25.321s] -- Up-to-date symlink: /root/ros2_ws/install/track_car/lib/track_car/control_node
[25.323s] -- Up-to-date symlink: /root/ros2_ws/install/track_car/share/ament_index/resource_index/package_run_dependencies/track_car
[25.323s] -- Up-to-date symlink: /root/ros2_ws/install/track_car/share/ament_index/resource_index/parent_prefix_path/track_car
[25.323s] -- Up-to-date symlink: /root/ros2_ws/install/track_car/share/track_car/environment/ament_prefix_path.sh
[25.324s] -- Up-to-date symlink: /root/ros2_ws/install/track_car/share/track_car/environment/ament_prefix_path.dsv
[25.324s] -- Up-to-date symlink: /root/ros2_ws/install/track_car/share/track_car/environment/path.sh
[25.324s] -- Up-to-date symlink: /root/ros2_ws/install/track_car/share/track_car/environment/path.dsv
[25.324s] -- Up-to-date symlink: /root/ros2_ws/install/track_car/share/track_car/local_setup.bash
[25.325s] -- Up-to-date symlink: /root/ros2_ws/install/track_car/share/track_car/local_setup.sh
[25.325s] -- Up-to-date symlink: /root/ros2_ws/install/track_car/share/track_car/local_setup.zsh
[25.326s] -- Up-to-date symlink: /root/ros2_ws/install/track_car/share/track_car/local_setup.dsv
[25.326s] -- Symlinking: /root/ros2_ws/install/track_car/share/track_car/package.dsv
[25.345s] -- Up-to-date symlink: /root/ros2_ws/install/track_car/share/ament_index/resource_index/packages/track_car
[25.346s] -- Up-to-date symlink: /root/ros2_ws/install/track_car/share/track_car/cmake/track_carConfig.cmake
[25.346s] -- Up-to-date symlink: /root/ros2_ws/install/track_car/share/track_car/cmake/track_carConfig-version.cmake
[25.346s] -- Up-to-date symlink: /root/ros2_ws/install/track_car/share/track_car/package.xml
[25.351s] Invoked command in '/root/ros2_ws/build/track_car' returned '0': CMAKE_PREFIX_PATH=${CMAKE_PREFIX_PATH}:/opt/ros/humble /usr/bin/cmake --install /root/ros2_ws/build/track_car
