[0.027s] Invoking command in '/root/ros2_ws/build/track_car': CMAKE_PREFIX_PATH=/opt/ros/humble /usr/bin/cmake /root/ros2_ws/src/track_car -DCMAKE_INSTALL_PREFIX=/root/ros2_ws/install/track_car
[0.134s] -- The C compiler identification is GNU 11.4.0
[0.481s] -- The CXX compiler identification is GNU 11.4.0
[0.687s] -- Detecting C compiler ABI info
[0.800s] -- Detecting C compiler ABI info - done
[0.808s] -- Check for working C compiler: /usr/bin/cc - skipped
[0.809s] -- Detecting C compile features
[0.809s] -- Detecting C compile features - done
[0.816s] -- Detecting CXX compiler ABI info
[0.967s] -- Detecting CXX compiler ABI info - done
[0.976s] -- Check for working CXX compiler: /usr/bin/c++ - skipped
[0.976s] -- Detecting CXX compile features
[0.977s] -- Detecting CXX compile features - done
[0.980s] -- Found ament_cmake: 1.3.11 (/opt/ros/humble/share/ament_cmake/cmake)
[1.229s] -- Found Python3: /usr/bin/python3 (found version "3.10.12") found components: Interpreter 
[1.586s] -- Found rclcpp: 16.0.12 (/opt/ros/humble/share/rclcpp/cmake)
[1.734s] -- Found rosidl_generator_c: 3.1.6 (/opt/ros/humble/share/rosidl_generator_c/cmake)
[1.739s] -- Found rosidl_adapter: 3.1.6 (/opt/ros/humble/share/rosidl_adapter/cmake)
[1.751s] -- Found rosidl_generator_cpp: 3.1.6 (/opt/ros/humble/share/rosidl_generator_cpp/cmake)
[1.767s] -- Using all available rosidl_typesupport_c: rosidl_typesupport_fastrtps_c;rosidl_typesupport_introspection_c
[1.783s] -- Using all available rosidl_typesupport_cpp: rosidl_typesupport_fastrtps_cpp;rosidl_typesupport_introspection_cpp
[1.831s] -- Found rmw_implementation_cmake: 6.1.2 (/opt/ros/humble/share/rmw_implementation_cmake/cmake)
[1.833s] -- Found rmw_fastrtps_cpp: 6.2.7 (/opt/ros/humble/share/rmw_fastrtps_cpp/cmake)
[2.846s] -- Found OpenSSL: /usr/lib/x86_64-linux-gnu/libcrypto.so (found version "3.0.2")  
[3.890s] -- Found FastRTPS: /opt/ros/humble/include  
[5.778s] -- Using RMW implementation 'rmw_fastrtps_cpp' as default
[6.229s] -- Looking for pthread.h
[6.376s] -- Looking for pthread.h - found
[6.376s] -- Performing Test CMAKE_HAVE_LIBC_PTHREAD
[6.500s] -- Performing Test CMAKE_HAVE_LIBC_PTHREAD - Success
[6.502s] -- Found Threads: TRUE  
[6.577s] -- Found geometry_msgs: 4.8.0 (/opt/ros/humble/share/geometry_msgs/cmake)
[6.594s] -- Found sensor_msgs: 4.8.0 (/opt/ros/humble/share/sensor_msgs/cmake)
[6.617s] -- Found nav_msgs: 4.8.0 (/opt/ros/humble/share/nav_msgs/cmake)
[6.640s] -- Found tf2: 0.25.12 (/opt/ros/humble/share/tf2/cmake)
[6.782s] -- Configuring done
[6.805s] -- Generating done
[6.815s] -- Build files have been written to: /root/ros2_ws/build/track_car
[6.829s] Invoked command in '/root/ros2_ws/build/track_car' returned '0': CMAKE_PREFIX_PATH=/opt/ros/humble /usr/bin/cmake /root/ros2_ws/src/track_car -DCMAKE_INSTALL_PREFIX=/root/ros2_ws/install/track_car
[6.830s] Invoking command in '/root/ros2_ws/build/track_car': CMAKE_PREFIX_PATH=/opt/ros/humble /usr/bin/cmake --build /root/ros2_ws/build/track_car -- -j8 -l8
[6.878s] [35m[1mConsolidate compiler generated dependencies of target track_car_node[0m
[6.878s] [35m[1mConsolidate compiler generated dependencies of target control_node[0m
[6.881s] [35m[1mConsolidate compiler generated dependencies of target alg_main[0m
[6.908s] [ 22%] Built target track_car_node
[6.911s] [ 44%] Built target control_node
[6.927s] [ 55%] [32mBuilding CXX object CMakeFiles/alg_main.dir/src/MemoryDrive.cpp.o[0m
[6.928s] [ 66%] [32mBuilding CXX object CMakeFiles/alg_main.dir/src/MemoryTrajectoryGenerate.cpp.o[0m
[23.612s] [ 77%] [32m[1mLinking CXX executable alg_main[0m
[25.337s] [100%] Built target alg_main
[25.350s] Invoked command in '/root/ros2_ws/build/track_car' returned '0': CMAKE_PREFIX_PATH=/opt/ros/humble /usr/bin/cmake --build /root/ros2_ws/build/track_car -- -j8 -l8
[25.363s] Invoking command in '/root/ros2_ws/build/track_car': CMAKE_PREFIX_PATH=/opt/ros/humble /usr/bin/cmake --install /root/ros2_ws/build/track_car
[25.370s] -- Install configuration: ""
[25.474s] -- Installing: /root/ros2_ws/install/track_car/share/track_car/package.dsv
[25.479s] Invoked command in '/root/ros2_ws/build/track_car' returned '0': CMAKE_PREFIX_PATH=/opt/ros/humble /usr/bin/cmake --install /root/ros2_ws/build/track_car
