[0.117s] Invoking command in '/root/ros2_ws/build/track_car': CMAKE_PREFIX_PATH=${CMAKE_PREFIX_PATH}:/opt/ros/humble /usr/bin/cmake --build /root/ros2_ws/build/track_car -- -j8 -l8
[0.161s] [35m[1mConsolidate compiler generated dependencies of target control_node[0m
[0.185s] [ 50%] Built target track_car_node
[0.194s] [100%] Built target control_node
[0.219s] Invoked command in '/root/ros2_ws/build/track_car' returned '0': CMAKE_PREFIX_PATH=${CMAKE_PREFIX_PATH}:/opt/ros/humble /usr/bin/cmake --build /root/ros2_ws/build/track_car -- -j8 -l8
[0.242s] Invoking command in '/root/ros2_ws/build/track_car': CMAKE_PREFIX_PATH=${CMAKE_PREFIX_PATH}:/opt/ros/humble /usr/bin/cmake --install /root/ros2_ws/build/track_car
[0.256s] -- Install configuration: ""
[0.257s] -- Up-to-date: /root/ros2_ws/install/track_car/lib/track_car/track_car_node
[0.257s] -- Up-to-date: /root/ros2_ws/install/track_car/lib/track_car/control_node
[0.258s] -- Up-to-date: /root/ros2_ws/install/track_car/share/ament_index/resource_index/package_run_dependencies/track_car
[0.259s] -- Up-to-date: /root/ros2_ws/install/track_car/share/ament_index/resource_index/parent_prefix_path/track_car
[0.259s] -- Up-to-date: /root/ros2_ws/install/track_car/share/track_car/environment/ament_prefix_path.sh
[0.260s] -- Up-to-date: /root/ros2_ws/install/track_car/share/track_car/environment/ament_prefix_path.dsv
[0.260s] -- Up-to-date: /root/ros2_ws/install/track_car/share/track_car/environment/path.sh
[0.260s] -- Up-to-date: /root/ros2_ws/install/track_car/share/track_car/environment/path.dsv
[0.260s] -- Up-to-date: /root/ros2_ws/install/track_car/share/track_car/local_setup.bash
[0.261s] -- Up-to-date: /root/ros2_ws/install/track_car/share/track_car/local_setup.sh
[0.261s] -- Up-to-date: /root/ros2_ws/install/track_car/share/track_car/local_setup.zsh
[0.261s] -- Up-to-date: /root/ros2_ws/install/track_car/share/track_car/local_setup.dsv
[0.261s] -- Installing: /root/ros2_ws/install/track_car/share/track_car/package.dsv
[0.261s] -- Up-to-date: /root/ros2_ws/install/track_car/share/ament_index/resource_index/packages/track_car
[0.263s] -- Up-to-date: /root/ros2_ws/install/track_car/share/track_car/cmake/track_carConfig.cmake
[0.264s] -- Up-to-date: /root/ros2_ws/install/track_car/share/track_car/cmake/track_carConfig-version.cmake
[0.266s] -- Up-to-date: /root/ros2_ws/install/track_car/share/track_car/package.xml
[0.267s] Invoked command in '/root/ros2_ws/build/track_car' returned '0': CMAKE_PREFIX_PATH=${CMAKE_PREFIX_PATH}:/opt/ros/humble /usr/bin/cmake --install /root/ros2_ws/build/track_car
