[0.056s] Invoking command in '/root/ros2_ws/build/track_car': CMAKE_PREFIX_PATH=/opt/ros/humble /usr/bin/cmake /root/ros2_ws/src/track_car -DCMAKE_INSTALL_PREFIX=/root/ros2_ws/install/track_car
[0.214s] -- The C compiler identification is GNU 11.4.0
[0.761s] -- The CXX compiler identification is GNU 11.4.0
[1.028s] -- Detecting C compiler ABI info
[1.256s] -- Detecting C compiler ABI info - done
[1.279s] -- Check for working C compiler: /usr/bin/cc - skipped
[1.279s] -- Detecting C compile features
[1.281s] -- Detecting C compile features - done
[1.306s] -- Detecting CXX compiler ABI info
[1.780s] -- Detecting CXX compiler ABI info - done
[1.798s] -- Check for working CXX compiler: /usr/bin/c++ - skipped
[1.799s] -- Detecting CXX compile features
[1.799s] -- Detecting CXX compile features - done
[1.803s] -- Found ament_cmake: 1.3.11 (/opt/ros/humble/share/ament_cmake/cmake)
[2.181s] -- Found Python3: /usr/bin/python3 (found version "3.10.12") found components: Interpreter 
[2.513s] -- Found rclcpp: 16.0.12 (/opt/ros/humble/share/rclcpp/cmake)
[2.729s] -- Found rosidl_generator_c: 3.1.6 (/opt/ros/humble/share/rosidl_generator_c/cmake)
[2.742s] -- Found rosidl_adapter: 3.1.6 (/opt/ros/humble/share/rosidl_adapter/cmake)
[2.762s] -- Found rosidl_generator_cpp: 3.1.6 (/opt/ros/humble/share/rosidl_generator_cpp/cmake)
[2.790s] -- Using all available rosidl_typesupport_c: rosidl_typesupport_fastrtps_c;rosidl_typesupport_introspection_c
[2.842s] -- Using all available rosidl_typesupport_cpp: rosidl_typesupport_fastrtps_cpp;rosidl_typesupport_introspection_cpp
[2.942s] -- Found rmw_implementation_cmake: 6.1.2 (/opt/ros/humble/share/rmw_implementation_cmake/cmake)
[2.958s] -- Found rmw_fastrtps_cpp: 6.2.7 (/opt/ros/humble/share/rmw_fastrtps_cpp/cmake)
[4.775s] -- Found OpenSSL: /usr/lib/x86_64-linux-gnu/libcrypto.so (found version "3.0.2")  
[5.917s] -- Found FastRTPS: /opt/ros/humble/include  
[9.173s] -- Using RMW implementation 'rmw_fastrtps_cpp' as default
[9.184s] -- Looking for pthread.h
[9.318s] -- Looking for pthread.h - found
[9.319s] -- Performing Test CMAKE_HAVE_LIBC_PTHREAD
[9.450s] -- Performing Test CMAKE_HAVE_LIBC_PTHREAD - Success
[9.452s] -- Found Threads: TRUE  
[9.558s] -- Found geometry_msgs: 4.8.0 (/opt/ros/humble/share/geometry_msgs/cmake)
[9.612s] -- Found sensor_msgs: 4.8.0 (/opt/ros/humble/share/sensor_msgs/cmake)
[9.675s] -- Found nav_msgs: 4.8.0 (/opt/ros/humble/share/nav_msgs/cmake)
[9.732s] -- Found tf2: 0.25.12 (/opt/ros/humble/share/tf2/cmake)
[9.851s] -- Configuring done
[9.893s] -- Generating done
[9.911s] -- Build files have been written to: /root/ros2_ws/build/track_car
[9.928s] Invoked command in '/root/ros2_ws/build/track_car' returned '0': CMAKE_PREFIX_PATH=/opt/ros/humble /usr/bin/cmake /root/ros2_ws/src/track_car -DCMAKE_INSTALL_PREFIX=/root/ros2_ws/install/track_car
[9.932s] Invoking command in '/root/ros2_ws/build/track_car': CMAKE_PREFIX_PATH=/opt/ros/humble /usr/bin/cmake --build /root/ros2_ws/build/track_car -- -j8 -l8
[9.992s] [35m[1mConsolidate compiler generated dependencies of target track_car_node[0m
[9.995s] [35m[1mConsolidate compiler generated dependencies of target control_node[0m
[9.995s] [35m[1mConsolidate compiler generated dependencies of target alg_main[0m
[10.030s] [ 22%] Built target track_car_node
[10.032s] [ 44%] Built target control_node
[10.046s] [ 55%] [32mBuilding CXX object CMakeFiles/alg_main.dir/src/MemoryDrive.cpp.o[0m
[16.603s] [ 66%] [32m[1mLinking CXX executable alg_main[0m
[19.695s] [100%] Built target alg_main
[19.719s] Invoked command in '/root/ros2_ws/build/track_car' returned '0': CMAKE_PREFIX_PATH=/opt/ros/humble /usr/bin/cmake --build /root/ros2_ws/build/track_car -- -j8 -l8
[19.744s] Invoking command in '/root/ros2_ws/build/track_car': CMAKE_PREFIX_PATH=/opt/ros/humble /usr/bin/cmake --install /root/ros2_ws/build/track_car
[19.764s] -- Install configuration: ""
[19.766s] -- Installing: /root/ros2_ws/install/track_car/share/track_car/package.dsv
[19.777s] Invoked command in '/root/ros2_ws/build/track_car' returned '0': CMAKE_PREFIX_PATH=/opt/ros/humble /usr/bin/cmake --install /root/ros2_ws/build/track_car
