[0.024s] Invoking command in '/root/ros2_ws/build/track_car': CMAKE_PREFIX_PATH=${CMAKE_PREFIX_PATH}:/opt/ros/humble /usr/bin/cmake --build /root/ros2_ws/build/track_car -- -j8 -l8
[0.082s] [35m[1mConsolidate compiler generated dependencies of target control_node[0m
[0.104s] [ 50%] Built target track_car_node
[0.115s] [ 75%] [32mBuilding CXX object CMakeFiles/control_node.dir/src/control_node.cpp.o[0m
[7.443s] [100%] [32m[1mLinking CXX executable control_node[0m
[7.843s] [100%] Built target control_node
[7.859s] Invoked command in '/root/ros2_ws/build/track_car' returned '0': CMAKE_PREFIX_PATH=${CMAKE_PREFIX_PATH}:/opt/ros/humble /usr/bin/cmake --build /root/ros2_ws/build/track_car -- -j8 -l8
[7.876s] Invoking command in '/root/ros2_ws/build/track_car': CMAKE_PREFIX_PATH=${CMAKE_PREFIX_PATH}:/opt/ros/humble /usr/bin/cmake --install /root/ros2_ws/build/track_car
[7.893s] -- Install configuration: ""
[7.893s] -- Up-to-date: /root/ros2_ws/install/track_car/lib/track_car/track_car_node
[7.894s] -- Installing: /root/ros2_ws/install/track_car/lib/track_car/control_node
[7.898s] -- Set runtime path of "/root/ros2_ws/install/track_car/lib/track_car/control_node" to ""
[7.898s] -- Up-to-date: /root/ros2_ws/install/track_car/share/ament_index/resource_index/package_run_dependencies/track_car
[7.900s] -- Up-to-date: /root/ros2_ws/install/track_car/share/ament_index/resource_index/parent_prefix_path/track_car
[7.900s] -- Up-to-date: /root/ros2_ws/install/track_car/share/track_car/environment/ament_prefix_path.sh
[7.900s] -- Up-to-date: /root/ros2_ws/install/track_car/share/track_car/environment/ament_prefix_path.dsv
[7.901s] -- Up-to-date: /root/ros2_ws/install/track_car/share/track_car/environment/path.sh
[7.903s] -- Up-to-date: /root/ros2_ws/install/track_car/share/track_car/environment/path.dsv
[7.903s] -- Up-to-date: /root/ros2_ws/install/track_car/share/track_car/local_setup.bash
[7.904s] -- Up-to-date: /root/ros2_ws/install/track_car/share/track_car/local_setup.sh
[7.905s] -- Up-to-date: /root/ros2_ws/install/track_car/share/track_car/local_setup.zsh
[7.905s] -- Up-to-date: /root/ros2_ws/install/track_car/share/track_car/local_setup.dsv
[7.906s] -- Installing: /root/ros2_ws/install/track_car/share/track_car/package.dsv
[7.906s] -- Up-to-date: /root/ros2_ws/install/track_car/share/ament_index/resource_index/packages/track_car
[7.906s] -- Up-to-date: /root/ros2_ws/install/track_car/share/track_car/cmake/track_carConfig.cmake
[7.907s] -- Up-to-date: /root/ros2_ws/install/track_car/share/track_car/cmake/track_carConfig-version.cmake
[7.908s] -- Up-to-date: /root/ros2_ws/install/track_car/share/track_car/package.xml
[7.910s] Invoked command in '/root/ros2_ws/build/track_car' returned '0': CMAKE_PREFIX_PATH=${CMAKE_PREFIX_PATH}:/opt/ros/humble /usr/bin/cmake --install /root/ros2_ws/build/track_car
