[0.024s] Invoking command in '/root/ros2_ws/build/track_car': CMAKE_PREFIX_PATH=${CMAKE_PREFIX_PATH}:/opt/ros/humble /usr/bin/cmake --build /root/ros2_ws/build/track_car -- -j8 -l8
[0.073s] [35m[1mConsolidate compiler generated dependencies of target control_node[0m
[0.091s] [ 50%] Built target track_car_node
[0.101s] [ 75%] [32mBuilding CXX object CMakeFiles/control_node.dir/src/control_node.cpp.o[0m
[6.328s] [100%] [32m[1mLinking CXX executable control_node[0m
[6.647s] [100%] Built target control_node
[6.666s] Invoked command in '/root/ros2_ws/build/track_car' returned '0': CMAKE_PREFIX_PATH=${CMAKE_PREFIX_PATH}:/opt/ros/humble /usr/bin/cmake --build /root/ros2_ws/build/track_car -- -j8 -l8
[6.679s] Invoking command in '/root/ros2_ws/build/track_car': CMAKE_PREFIX_PATH=${CMAKE_PREFIX_PATH}:/opt/ros/humble /usr/bin/cmake --install /root/ros2_ws/build/track_car
[6.688s] -- Install configuration: ""
[6.689s] -- Up-to-date: /root/ros2_ws/install/track_car/lib/track_car/track_car_node
[6.689s] -- Installing: /root/ros2_ws/install/track_car/lib/track_car/control_node
[6.691s] -- Set runtime path of "/root/ros2_ws/install/track_car/lib/track_car/control_node" to ""
[6.692s] -- Up-to-date: /root/ros2_ws/install/track_car/share/ament_index/resource_index/package_run_dependencies/track_car
[6.692s] -- Up-to-date: /root/ros2_ws/install/track_car/share/ament_index/resource_index/parent_prefix_path/track_car
[6.692s] -- Up-to-date: /root/ros2_ws/install/track_car/share/track_car/environment/ament_prefix_path.sh
[6.692s] -- Up-to-date: /root/ros2_ws/install/track_car/share/track_car/environment/ament_prefix_path.dsv
[6.692s] -- Up-to-date: /root/ros2_ws/install/track_car/share/track_car/environment/path.sh
[6.693s] -- Up-to-date: /root/ros2_ws/install/track_car/share/track_car/environment/path.dsv
[6.693s] -- Up-to-date: /root/ros2_ws/install/track_car/share/track_car/local_setup.bash
[6.693s] -- Up-to-date: /root/ros2_ws/install/track_car/share/track_car/local_setup.sh
[6.693s] -- Up-to-date: /root/ros2_ws/install/track_car/share/track_car/local_setup.zsh
[6.693s] -- Up-to-date: /root/ros2_ws/install/track_car/share/track_car/local_setup.dsv
[6.693s] -- Installing: /root/ros2_ws/install/track_car/share/track_car/package.dsv
[6.693s] -- Up-to-date: /root/ros2_ws/install/track_car/share/ament_index/resource_index/packages/track_car
[6.693s] -- Up-to-date: /root/ros2_ws/install/track_car/share/track_car/cmake/track_carConfig.cmake
[6.693s] -- Up-to-date: /root/ros2_ws/install/track_car/share/track_car/cmake/track_carConfig-version.cmake
[6.693s] -- Up-to-date: /root/ros2_ws/install/track_car/share/track_car/package.xml
[6.696s] Invoked command in '/root/ros2_ws/build/track_car' returned '0': CMAKE_PREFIX_PATH=${CMAKE_PREFIX_PATH}:/opt/ros/humble /usr/bin/cmake --install /root/ros2_ws/build/track_car
