[0.022s] Invoking command in '/root/ros2_ws/build/track_car': CMAKE_PREFIX_PATH=${CMAKE_PREFIX_PATH}:/opt/ros/humble /usr/bin/cmake /root/ros2_ws/src/track_car -DCMAKE_INSTALL_PREFIX=/root/ros2_ws/install/track_car
[0.110s] -- Found ament_cmake: 1.3.11 (/opt/ros/humble/share/ament_cmake/cmake)
[0.293s] -- Override CMake install command with custom implementation using symlinks instead of copying resources
[0.300s] -- Found rclcpp: 16.0.12 (/opt/ros/humble/share/rclcpp/cmake)
[0.542s] -- Found rosidl_generator_c: 3.1.6 (/opt/ros/humble/share/rosidl_generator_c/cmake)
[0.544s] -- Found rosidl_adapter: 3.1.6 (/opt/ros/humble/share/rosidl_adapter/cmake)
[0.575s] -- Found rosidl_generator_cpp: 3.1.6 (/opt/ros/humble/share/rosidl_generator_cpp/cmake)
[0.592s] -- Using all available rosidl_typesupport_c: rosidl_typesupport_fastrtps_c;rosidl_typesupport_introspection_c
[0.607s] -- Using all available rosidl_typesupport_cpp: rosidl_typesupport_fastrtps_cpp;rosidl_typesupport_introspection_cpp
[0.638s] -- Found rmw_implementation_cmake: 6.1.2 (/opt/ros/humble/share/rmw_implementation_cmake/cmake)
[0.640s] -- Found rmw_fastrtps_cpp: 6.2.7 (/opt/ros/humble/share/rmw_fastrtps_cpp/cmake)
[4.331s] -- Using RMW implementation 'rmw_fastrtps_cpp' as default
[4.397s] -- Found geometry_msgs: 4.8.0 (/opt/ros/humble/share/geometry_msgs/cmake)
[4.408s] -- Found sensor_msgs: 4.8.0 (/opt/ros/humble/share/sensor_msgs/cmake)
[4.427s] -- Found nav_msgs: 4.8.0 (/opt/ros/humble/share/nav_msgs/cmake)
[5.125s] [31mCMake Error at CMakeLists.txt:32 (find_package):
[5.125s]   By not providing "Findament_lint_auto.cmake" in CMAKE_MODULE_PATH this
[5.125s]   project has asked CMake to find a package configuration file provided by
[5.126s]   "ament_lint_auto", but CMake did not find one.
[5.126s] 
[5.126s]   Could not find a package configuration file provided by "ament_lint_auto"
[5.126s]   with any of the following names:
[5.126s] 
[5.126s]     ament_lint_autoConfig.cmake
[5.126s]     ament_lint_auto-config.cmake
[5.126s] 
[5.126s]   Add the installation prefix of "ament_lint_auto" to CMAKE_PREFIX_PATH or
[5.126s]   set "ament_lint_auto_DIR" to a directory containing one of the above files.
[5.127s]   If "ament_lint_auto" provides a separate development package or SDK, be
[5.127s]   sure it has been installed.
[5.127s] 
[5.127s] [0m
[5.127s] -- Configuring incomplete, errors occurred!
[5.127s] See also "/root/ros2_ws/build/track_car/CMakeFiles/CMakeOutput.log".
[5.134s] Invoked command in '/root/ros2_ws/build/track_car' returned '1': CMAKE_PREFIX_PATH=${CMAKE_PREFIX_PATH}:/opt/ros/humble /usr/bin/cmake /root/ros2_ws/src/track_car -DCMAKE_INSTALL_PREFIX=/root/ros2_ws/install/track_car
