[0.033s] Invoking command in '/root/ros2_ws/build/track_car': CMAKE_PREFIX_PATH=/opt/ros/humble /usr/bin/cmake --build /root/ros2_ws/build/track_car -- -j8 -l8
[0.132s] [35m[1mConsolidate compiler generated dependencies of target control_node[0m
[0.163s] [ 50%] Built target track_car_node
[0.173s] [ 75%] [32mBuilding CXX object CMakeFiles/control_node.dir/src/control_node.cpp.o[0m
[8.781s] [100%] [32m[1mLinking CXX executable control_node[0m
[9.374s] [100%] Built target control_node
[9.401s] Invoked command in '/root/ros2_ws/build/track_car' returned '0': CMAKE_PREFIX_PATH=/opt/ros/humble /usr/bin/cmake --build /root/ros2_ws/build/track_car -- -j8 -l8
[9.430s] Invoking command in '/root/ros2_ws/build/track_car': CMAKE_PREFIX_PATH=/opt/ros/humble /usr/bin/cmake --install /root/ros2_ws/build/track_car
[9.447s] -- Install configuration: ""
[9.448s] -- Execute custom install script
[9.449s] -- Up-to-date symlink: /root/ros2_ws/install/track_car/lib/track_car/track_car_node
[9.450s] -- Up-to-date symlink: /root/ros2_ws/install/track_car/lib/track_car/control_node
[9.451s] -- Up-to-date symlink: /root/ros2_ws/install/track_car/share/ament_index/resource_index/package_run_dependencies/track_car
[9.454s] -- Up-to-date symlink: /root/ros2_ws/install/track_car/share/ament_index/resource_index/parent_prefix_path/track_car
[9.454s] -- Up-to-date symlink: /root/ros2_ws/install/track_car/share/track_car/environment/ament_prefix_path.sh
[9.454s] -- Up-to-date symlink: /root/ros2_ws/install/track_car/share/track_car/environment/ament_prefix_path.dsv
[9.455s] -- Up-to-date symlink: /root/ros2_ws/install/track_car/share/track_car/environment/path.sh
[9.456s] -- Up-to-date symlink: /root/ros2_ws/install/track_car/share/track_car/environment/path.dsv
[9.456s] -- Up-to-date symlink: /root/ros2_ws/install/track_car/share/track_car/local_setup.bash
[9.457s] -- Up-to-date symlink: /root/ros2_ws/install/track_car/share/track_car/local_setup.sh
[9.457s] -- Up-to-date symlink: /root/ros2_ws/install/track_car/share/track_car/local_setup.zsh
[9.459s] -- Up-to-date symlink: /root/ros2_ws/install/track_car/share/track_car/local_setup.dsv
[9.459s] -- Symlinking: /root/ros2_ws/install/track_car/share/track_car/package.dsv
[9.477s] -- Up-to-date symlink: /root/ros2_ws/install/track_car/share/ament_index/resource_index/packages/track_car
[9.478s] -- Up-to-date symlink: /root/ros2_ws/install/track_car/share/track_car/cmake/track_carConfig.cmake
[9.478s] -- Up-to-date symlink: /root/ros2_ws/install/track_car/share/track_car/cmake/track_carConfig-version.cmake
[9.478s] -- Up-to-date symlink: /root/ros2_ws/install/track_car/share/track_car/package.xml
[9.483s] Invoked command in '/root/ros2_ws/build/track_car' returned '0': CMAKE_PREFIX_PATH=/opt/ros/humble /usr/bin/cmake --install /root/ros2_ws/build/track_car
