[5.331s] DEBUG:colcon:Command line arguments: ['/usr/bin/colcon', 'build', '--packages-select', 'track_car']
[5.331s] DEBUG:colcon:Parsed command line arguments: Namespace(log_base=None, log_level=None, verb_name='build', build_base='build', install_base='install', merge_install=False, symlink_install=False, test_result_base=None, continue_on_error=False, executor='parallel', parallel_workers=8, event_handlers=None, ignore_user_meta=False, metas=['./colcon.meta'], base_paths=['.'], packages_ignore=None, packages_ignore_regex=None, paths=None, packages_up_to=None, packages_up_to_regex=None, packages_above=None, packages_above_and_dependencies=None, packages_above_depth=None, packages_select_by_dep=None, packages_skip_by_dep=None, packages_skip_up_to=None, packages_select_build_failed=False, packages_skip_build_finished=False, packages_select_test_failures=False, packages_skip_test_passed=False, packages_select=['track_car'], packages_skip=None, packages_select_regex=None, packages_skip_regex=None, packages_start=None, packages_end=None, allow_overriding=[], cmake_args=None, cmake_target=None, cmake_target_skip_unavailable=False, cmake_clean_cache=False, cmake_clean_first=False, cmake_force_configure=False, ament_cmake_args=None, catkin_cmake_args=None, catkin_skip_building_tests=False, verb_parser=<colcon_defaults.argument_parser.defaults.DefaultArgumentsDecorator object at 0x7f3873c50310>, verb_extension=<colcon_core.verb.build.BuildVerb object at 0x7f3873e35c60>, main=<bound method BuildVerb.main of <colcon_core.verb.build.BuildVerb object at 0x7f3873e35c60>>)
[7.590s] Level 1:colcon.colcon_core.package_discovery:discover_packages(colcon_meta) check parameters
[7.590s] Level 1:colcon.colcon_core.package_discovery:discover_packages(recursive) check parameters
[7.590s] Level 1:colcon.colcon_core.package_discovery:discover_packages(ignore) check parameters
[7.590s] Level 1:colcon.colcon_core.package_discovery:discover_packages(path) check parameters
[7.590s] Level 1:colcon.colcon_core.package_discovery:discover_packages(colcon_meta) discover
[7.591s] Level 1:colcon.colcon_core.package_discovery:discover_packages(recursive) discover
[7.591s] INFO:colcon.colcon_core.package_discovery:Crawling recursively for packages in '/root/ros2_ws'
[7.591s] Level 1:colcon.colcon_core.package_identification:_identify(.) by extensions ['ignore', 'ignore_ament_install']
[7.591s] Level 1:colcon.colcon_core.package_identification:_identify(.) by extension 'ignore'
[7.591s] Level 1:colcon.colcon_core.package_identification:_identify(.) by extension 'ignore_ament_install'
[7.591s] Level 1:colcon.colcon_core.package_identification:_identify(.) by extensions ['colcon_pkg']
[7.591s] Level 1:colcon.colcon_core.package_identification:_identify(.) by extension 'colcon_pkg'
[7.591s] Level 1:colcon.colcon_core.package_identification:_identify(.) by extensions ['colcon_meta']
[7.591s] Level 1:colcon.colcon_core.package_identification:_identify(.) by extension 'colcon_meta'
[7.591s] Level 1:colcon.colcon_core.package_identification:_identify(.) by extensions ['ros']
[7.591s] Level 1:colcon.colcon_core.package_identification:_identify(.) by extension 'ros'
[7.637s] Level 1:colcon.colcon_core.package_identification:_identify(.) by extensions ['cmake', 'python']
[7.637s] Level 1:colcon.colcon_core.package_identification:_identify(.) by extension 'cmake'
[7.637s] Level 1:colcon.colcon_core.package_identification:_identify(.) by extension 'python'
[7.637s] Level 1:colcon.colcon_core.package_identification:_identify(.) by extensions ['python_setup_py']
[7.637s] Level 1:colcon.colcon_core.package_identification:_identify(.) by extension 'python_setup_py'
[7.637s] Level 1:colcon.colcon_core.package_identification:_identify(build) by extensions ['ignore', 'ignore_ament_install']
[7.637s] Level 1:colcon.colcon_core.package_identification:_identify(build) by extension 'ignore'
[7.637s] Level 1:colcon.colcon_core.package_identification:_identify(build) ignored
[7.637s] Level 1:colcon.colcon_core.package_identification:_identify(install) by extensions ['ignore', 'ignore_ament_install']
[7.637s] Level 1:colcon.colcon_core.package_identification:_identify(install) by extension 'ignore'
[7.637s] Level 1:colcon.colcon_core.package_identification:_identify(install) ignored
[7.638s] Level 1:colcon.colcon_core.package_identification:_identify(log) by extensions ['ignore', 'ignore_ament_install']
[7.638s] Level 1:colcon.colcon_core.package_identification:_identify(log) by extension 'ignore'
[7.638s] Level 1:colcon.colcon_core.package_identification:_identify(log) ignored
[7.638s] Level 1:colcon.colcon_core.package_identification:_identify(src) by extensions ['ignore', 'ignore_ament_install']
[7.638s] Level 1:colcon.colcon_core.package_identification:_identify(src) by extension 'ignore'
[7.638s] Level 1:colcon.colcon_core.package_identification:_identify(src) by extension 'ignore_ament_install'
[7.638s] Level 1:colcon.colcon_core.package_identification:_identify(src) by extensions ['colcon_pkg']
[7.638s] Level 1:colcon.colcon_core.package_identification:_identify(src) by extension 'colcon_pkg'
[7.638s] Level 1:colcon.colcon_core.package_identification:_identify(src) by extensions ['colcon_meta']
[7.638s] Level 1:colcon.colcon_core.package_identification:_identify(src) by extension 'colcon_meta'
[7.638s] Level 1:colcon.colcon_core.package_identification:_identify(src) by extensions ['ros']
[7.638s] Level 1:colcon.colcon_core.package_identification:_identify(src) by extension 'ros'
[7.638s] Level 1:colcon.colcon_core.package_identification:_identify(src) by extensions ['cmake', 'python']
[7.638s] Level 1:colcon.colcon_core.package_identification:_identify(src) by extension 'cmake'
[7.638s] Level 1:colcon.colcon_core.package_identification:_identify(src) by extension 'python'
[7.638s] Level 1:colcon.colcon_core.package_identification:_identify(src) by extensions ['python_setup_py']
[7.638s] Level 1:colcon.colcon_core.package_identification:_identify(src) by extension 'python_setup_py'
[7.638s] Level 1:colcon.colcon_core.package_identification:_identify(src/track_car) by extensions ['ignore', 'ignore_ament_install']
[7.639s] Level 1:colcon.colcon_core.package_identification:_identify(src/track_car) by extension 'ignore'
[7.639s] Level 1:colcon.colcon_core.package_identification:_identify(src/track_car) by extension 'ignore_ament_install'
[7.639s] Level 1:colcon.colcon_core.package_identification:_identify(src/track_car) by extensions ['colcon_pkg']
[7.639s] Level 1:colcon.colcon_core.package_identification:_identify(src/track_car) by extension 'colcon_pkg'
[7.639s] Level 1:colcon.colcon_core.package_identification:_identify(src/track_car) by extensions ['colcon_meta']
[7.639s] Level 1:colcon.colcon_core.package_identification:_identify(src/track_car) by extension 'colcon_meta'
[7.639s] Level 1:colcon.colcon_core.package_identification:_identify(src/track_car) by extensions ['ros']
[7.639s] Level 1:colcon.colcon_core.package_identification:_identify(src/track_car) by extension 'ros'
[7.643s] DEBUG:colcon.colcon_core.package_identification:Package 'src/track_car' with type 'ros.ament_cmake' and name 'track_car'
[7.644s] Level 1:colcon.colcon_core.package_discovery:discover_packages(recursive) using defaults
[7.644s] Level 1:colcon.colcon_core.package_discovery:discover_packages(ignore) discover
[7.644s] Level 1:colcon.colcon_core.package_discovery:discover_packages(ignore) using defaults
[7.644s] Level 1:colcon.colcon_core.package_discovery:discover_packages(path) discover
[7.644s] Level 1:colcon.colcon_core.package_discovery:discover_packages(path) using defaults
[7.822s] Level 1:colcon.colcon_core.package_discovery:discover_packages(prefix_path) check parameters
[7.822s] Level 1:colcon.colcon_core.package_discovery:discover_packages(prefix_path) discover
[7.828s] DEBUG:colcon.colcon_installed_package_information.package_discovery:Found 1 installed packages in /root/ros2_ws/install
[7.829s] DEBUG:colcon.colcon_installed_package_information.package_discovery:Found 167 installed packages in /opt/ros/humble
[7.830s] Level 1:colcon.colcon_core.package_discovery:discover_packages(prefix_path) using defaults
[7.906s] Level 5:colcon.colcon_core.verb:set package 'track_car' build argument 'cmake_args' from command line to 'None'
[7.906s] Level 5:colcon.colcon_core.verb:set package 'track_car' build argument 'cmake_target' from command line to 'None'
[7.906s] Level 5:colcon.colcon_core.verb:set package 'track_car' build argument 'cmake_target_skip_unavailable' from command line to 'False'
[7.906s] Level 5:colcon.colcon_core.verb:set package 'track_car' build argument 'cmake_clean_cache' from command line to 'False'
[7.906s] Level 5:colcon.colcon_core.verb:set package 'track_car' build argument 'cmake_clean_first' from command line to 'False'
[7.907s] Level 5:colcon.colcon_core.verb:set package 'track_car' build argument 'cmake_force_configure' from command line to 'False'
[7.907s] Level 5:colcon.colcon_core.verb:set package 'track_car' build argument 'ament_cmake_args' from command line to 'None'
[7.907s] Level 5:colcon.colcon_core.verb:set package 'track_car' build argument 'catkin_cmake_args' from command line to 'None'
[7.907s] Level 5:colcon.colcon_core.verb:set package 'track_car' build argument 'catkin_skip_building_tests' from command line to 'False'
[7.907s] DEBUG:colcon.colcon_core.verb:Building package 'track_car' with the following arguments: {'ament_cmake_args': None, 'build_base': '/root/ros2_ws/build/track_car', 'catkin_cmake_args': None, 'catkin_skip_building_tests': False, 'cmake_args': None, 'cmake_clean_cache': False, 'cmake_clean_first': False, 'cmake_force_configure': False, 'cmake_target': None, 'cmake_target_skip_unavailable': False, 'install_base': '/root/ros2_ws/install/track_car', 'merge_install': False, 'path': '/root/ros2_ws/src/track_car', 'symlink_install': False, 'test_result_base': None}
[7.907s] INFO:colcon.colcon_core.executor:Executing jobs using 'parallel' executor
[7.908s] DEBUG:colcon.colcon_parallel_executor.executor.parallel:run_until_complete
[7.908s] INFO:colcon.colcon_ros.task.ament_cmake.build:Building ROS package in '/root/ros2_ws/src/track_car' with build type 'ament_cmake'
[7.908s] INFO:colcon.colcon_cmake.task.cmake.build:Building CMake package in '/root/ros2_ws/src/track_car'
[7.923s] INFO:colcon.colcon_core.plugin_system:Skipping extension 'colcon_core.shell.bat': Not used on non-Windows systems
[7.923s] INFO:colcon.colcon_core.shell:Skip shell extension 'powershell' for command environment: Not usable outside of PowerShell
[7.923s] DEBUG:colcon.colcon_core.shell:Skip shell extension 'dsv' for command environment
[7.971s] DEBUG:colcon.colcon_core.event_handler.log_command:Invoking command in '/root/ros2_ws/build/track_car': CMAKE_PREFIX_PATH=${CMAKE_PREFIX_PATH}:/opt/ros/humble /usr/bin/cmake --build /root/ros2_ws/build/track_car -- -j8 -l8
[22.166s] DEBUG:colcon.colcon_core.event_handler.log_command:Invoked command in '/root/ros2_ws/build/track_car' returned '2': CMAKE_PREFIX_PATH=${CMAKE_PREFIX_PATH}:/opt/ros/humble /usr/bin/cmake --build /root/ros2_ws/build/track_car -- -j8 -l8
[22.195s] Level 1:colcon.colcon_core.environment:create_environment_scripts_only(track_car)
[22.216s] Level 1:colcon.colcon_core.environment:checking '/root/ros2_ws/install/track_car' for CMake module files
[22.217s] Level 1:colcon.colcon_core.environment:checking '/root/ros2_ws/install/track_car' for CMake config files
[22.217s] Level 1:colcon.colcon_core.shell:create_environment_hook('track_car', 'cmake_prefix_path')
[22.217s] INFO:colcon.colcon_core.shell:Creating environment hook '/root/ros2_ws/install/track_car/share/track_car/hook/cmake_prefix_path.ps1'
[22.218s] INFO:colcon.colcon_core.shell:Creating environment descriptor '/root/ros2_ws/install/track_car/share/track_car/hook/cmake_prefix_path.dsv'
[22.218s] INFO:colcon.colcon_core.shell:Creating environment hook '/root/ros2_ws/install/track_car/share/track_car/hook/cmake_prefix_path.sh'
[22.219s] Level 1:colcon.colcon_core.environment:checking '/root/ros2_ws/install/track_car/lib'
[22.219s] Level 1:colcon.colcon_core.environment:checking '/root/ros2_ws/install/track_car/bin'
[22.219s] Level 1:colcon.colcon_core.environment:checking '/root/ros2_ws/install/track_car/lib/pkgconfig/track_car.pc'
[22.219s] Level 1:colcon.colcon_core.environment:checking '/root/ros2_ws/install/track_car/lib/python3.10/site-packages'
[22.219s] Level 1:colcon.colcon_core.environment:checking '/root/ros2_ws/install/track_car/bin'
[22.220s] INFO:colcon.colcon_core.shell:Creating package script '/root/ros2_ws/install/track_car/share/track_car/package.ps1'
[22.220s] INFO:colcon.colcon_core.shell:Creating package descriptor '/root/ros2_ws/install/track_car/share/track_car/package.dsv'
[22.221s] INFO:colcon.colcon_core.shell:Creating package script '/root/ros2_ws/install/track_car/share/track_car/package.sh'
[22.222s] INFO:colcon.colcon_core.shell:Creating package script '/root/ros2_ws/install/track_car/share/track_car/package.bash'
[22.222s] INFO:colcon.colcon_core.shell:Creating package script '/root/ros2_ws/install/track_car/share/track_car/package.zsh'
[22.223s] Level 1:colcon.colcon_core.environment:create_file_with_runtime_dependencies(/root/ros2_ws/install/track_car/share/colcon-core/packages/track_car)
[22.233s] DEBUG:colcon.colcon_parallel_executor.executor.parallel:closing loop
[22.234s] DEBUG:colcon.colcon_parallel_executor.executor.parallel:loop closed
[22.234s] DEBUG:colcon.colcon_parallel_executor.executor.parallel:run_until_complete finished with '2'
[22.234s] DEBUG:colcon.colcon_core.event_reactor:joining thread
[22.288s] INFO:colcon.colcon_core.plugin_system:Skipping extension 'colcon_notification.desktop_notification.notify_send': Could not find 'notify-send'
[22.288s] INFO:colcon.colcon_core.plugin_system:Skipping extension 'colcon_notification.desktop_notification.terminal_notifier': Not used on non-Darwin systems
[22.288s] INFO:colcon.colcon_core.plugin_system:Skipping extension 'colcon_notification.desktop_notification.win32': Not used on non-Windows systems
[22.288s] INFO:colcon.colcon_notification.desktop_notification:Sending desktop notification using 'notify2'
[22.288s] DEBUG:colcon.colcon_notification.desktop_notification.notify2:Failed to initialize notify2: org.freedesktop.DBus.Error.FileNotFound: Failed to connect to socket /run/user/0/bus: No such file or directory
[22.288s] DEBUG:colcon.colcon_core.event_reactor:joined thread
[22.289s] INFO:colcon.colcon_core.shell:Creating prefix script '/root/ros2_ws/install/local_setup.ps1'
[22.290s] INFO:colcon.colcon_core.shell:Creating prefix util module '/root/ros2_ws/install/_local_setup_util_ps1.py'
[22.291s] INFO:colcon.colcon_core.shell:Creating prefix chain script '/root/ros2_ws/install/setup.ps1'
[22.292s] INFO:colcon.colcon_core.shell:Creating prefix script '/root/ros2_ws/install/local_setup.sh'
[22.293s] INFO:colcon.colcon_core.shell:Creating prefix util module '/root/ros2_ws/install/_local_setup_util_sh.py'
[22.293s] INFO:colcon.colcon_core.shell:Creating prefix chain script '/root/ros2_ws/install/setup.sh'
[22.294s] INFO:colcon.colcon_core.shell:Creating prefix script '/root/ros2_ws/install/local_setup.bash'
[22.295s] INFO:colcon.colcon_core.shell:Creating prefix chain script '/root/ros2_ws/install/setup.bash'
[22.296s] INFO:colcon.colcon_core.shell:Creating prefix script '/root/ros2_ws/install/local_setup.zsh'
[22.296s] INFO:colcon.colcon_core.shell:Creating prefix chain script '/root/ros2_ws/install/setup.zsh'
