[0.043s] Invoking command in '/root/ros2_ws/build/track_car': CMAKE_PREFIX_PATH=${CMAKE_PREFIX_PATH}:/opt/ros/humble /usr/bin/cmake --build /root/ros2_ws/build/track_car -- -j8 -l8
[0.162s] [ 22%] Built target track_car_node
[0.188s] [ 33%] [32mBuilding CXX object CMakeFiles/alg_main.dir/src/MemoryTrajectoryGenerate.cpp.o[0m
[0.193s] [ 55%] Built target control_node
[20.029s] [ 66%] [32m[1mLinking CXX executable alg_main[0m
[21.705s] [100%] Built target alg_main
[21.723s] Invoked command in '/root/ros2_ws/build/track_car' returned '0': CMAKE_PREFIX_PATH=${CMAKE_PREFIX_PATH}:/opt/ros/humble /usr/bin/cmake --build /root/ros2_ws/build/track_car -- -j8 -l8
[21.741s] Invoking command in '/root/ros2_ws/build/track_car': CMAKE_PREFIX_PATH=${CMAKE_PREFIX_PATH}:/opt/ros/humble /usr/bin/cmake --install /root/ros2_ws/build/track_car
[21.752s] -- Install configuration: ""
[21.752s] -- Execute custom install script
[21.753s] -- Up-to-date symlink: /root/ros2_ws/install/track_car/lib/track_car/track_car_node
[21.753s] -- Up-to-date symlink: /root/ros2_ws/install/track_car/lib/track_car/control_node
[21.754s] -- Up-to-date symlink: /root/ros2_ws/install/track_car/lib/track_car/alg_main
[21.754s] -- Up-to-date symlink: /root/ros2_ws/install/track_car/share/ament_index/resource_index/package_run_dependencies/track_car
[21.754s] -- Up-to-date symlink: /root/ros2_ws/install/track_car/share/ament_index/resource_index/parent_prefix_path/track_car
[21.755s] -- Up-to-date symlink: /root/ros2_ws/install/track_car/share/track_car/environment/ament_prefix_path.sh
[21.755s] -- Up-to-date symlink: /root/ros2_ws/install/track_car/share/track_car/environment/ament_prefix_path.dsv
[21.755s] -- Up-to-date symlink: /root/ros2_ws/install/track_car/share/track_car/environment/path.sh
[21.755s] -- Up-to-date symlink: /root/ros2_ws/install/track_car/share/track_car/environment/path.dsv
[21.756s] -- Up-to-date symlink: /root/ros2_ws/install/track_car/share/track_car/local_setup.bash
[21.756s] -- Up-to-date symlink: /root/ros2_ws/install/track_car/share/track_car/local_setup.sh
[21.756s] -- Up-to-date symlink: /root/ros2_ws/install/track_car/share/track_car/local_setup.zsh
[21.756s] -- Up-to-date symlink: /root/ros2_ws/install/track_car/share/track_car/local_setup.dsv
[21.757s] -- Symlinking: /root/ros2_ws/install/track_car/share/track_car/package.dsv
[21.770s] -- Up-to-date symlink: /root/ros2_ws/install/track_car/share/ament_index/resource_index/packages/track_car
[21.770s] -- Up-to-date symlink: /root/ros2_ws/install/track_car/share/track_car/cmake/track_carConfig.cmake
[21.770s] -- Up-to-date symlink: /root/ros2_ws/install/track_car/share/track_car/cmake/track_carConfig-version.cmake
[21.771s] -- Up-to-date symlink: /root/ros2_ws/install/track_car/share/track_car/package.xml
[21.773s] Invoked command in '/root/ros2_ws/build/track_car' returned '0': CMAKE_PREFIX_PATH=${CMAKE_PREFIX_PATH}:/opt/ros/humble /usr/bin/cmake --install /root/ros2_ws/build/track_car
