[0.047s] Invoking command in '/root/ros2_ws/build/track_car': CMAKE_PREFIX_PATH=${CMAKE_PREFIX_PATH}:/opt/ros/humble /usr/bin/cmake --build /root/ros2_ws/build/track_car -- -j8 -l8
[0.157s] [35m[1mConsolidate compiler generated dependencies of target control_node[0m
[0.186s] [ 50%] Built target track_car_node
[0.213s] [ 75%] [32mBuilding CXX object CMakeFiles/control_node.dir/src/control_node.cpp.o[0m
[12.140s] [100%] [32m[1mLinking CXX executable control_node[0m
[12.686s] [100%] Built target control_node
[12.708s] Invoked command in '/root/ros2_ws/build/track_car' returned '0': CMAKE_PREFIX_PATH=${CMAKE_PREFIX_PATH}:/opt/ros/humble /usr/bin/cmake --build /root/ros2_ws/build/track_car -- -j8 -l8
[12.728s] Invoking command in '/root/ros2_ws/build/track_car': CMAKE_PREFIX_PATH=${CMAKE_PREFIX_PATH}:/opt/ros/humble /usr/bin/cmake --install /root/ros2_ws/build/track_car
[12.738s] -- Install configuration: ""
[12.739s] -- Up-to-date: /root/ros2_ws/install/track_car/lib/track_car/track_car_node
[12.740s] -- Installing: /root/ros2_ws/install/track_car/lib/track_car/control_node
[12.748s] -- Set runtime path of "/root/ros2_ws/install/track_car/lib/track_car/control_node" to ""
[12.748s] -- Up-to-date: /root/ros2_ws/install/track_car/share/ament_index/resource_index/package_run_dependencies/track_car
[12.750s] -- Up-to-date: /root/ros2_ws/install/track_car/share/ament_index/resource_index/parent_prefix_path/track_car
[12.771s] -- Up-to-date: /root/ros2_ws/install/track_car/share/track_car/environment/ament_prefix_path.sh
[12.771s] -- Up-to-date: /root/ros2_ws/install/track_car/share/track_car/environment/ament_prefix_path.dsv
[12.772s] -- Up-to-date: /root/ros2_ws/install/track_car/share/track_car/environment/path.sh
[12.772s] -- Up-to-date: /root/ros2_ws/install/track_car/share/track_car/environment/path.dsv
[12.772s] -- Up-to-date: /root/ros2_ws/install/track_car/share/track_car/local_setup.bash
[12.772s] -- Up-to-date: /root/ros2_ws/install/track_car/share/track_car/local_setup.sh
[12.772s] -- Up-to-date: /root/ros2_ws/install/track_car/share/track_car/local_setup.zsh
[12.773s] -- Up-to-date: /root/ros2_ws/install/track_car/share/track_car/local_setup.dsv
[12.773s] -- Installing: /root/ros2_ws/install/track_car/share/track_car/package.dsv
[12.773s] -- Up-to-date: /root/ros2_ws/install/track_car/share/ament_index/resource_index/packages/track_car
[12.773s] -- Up-to-date: /root/ros2_ws/install/track_car/share/track_car/cmake/track_carConfig.cmake
[12.773s] -- Up-to-date: /root/ros2_ws/install/track_car/share/track_car/cmake/track_carConfig-version.cmake
[12.774s] -- Up-to-date: /root/ros2_ws/install/track_car/share/track_car/package.xml
[12.774s] Invoked command in '/root/ros2_ws/build/track_car' returned '0': CMAKE_PREFIX_PATH=${CMAKE_PREFIX_PATH}:/opt/ros/humble /usr/bin/cmake --install /root/ros2_ws/build/track_car
