[0.012s] Invoking command in '/root/ros2_ws/build/track_car': CMAKE_PREFIX_PATH=/opt/ros/humble /usr/bin/cmake --build /root/ros2_ws/build/track_car -- -j8 -l8
[0.069s] [100%] Built target track_car_node
[0.069s] [100%] Built target control_node
[0.081s] Invoked command in '/root/ros2_ws/build/track_car' returned '0': CMAKE_PREFIX_PATH=/opt/ros/humble /usr/bin/cmake --build /root/ros2_ws/build/track_car -- -j8 -l8
[0.093s] Invoking command in '/root/ros2_ws/build/track_car': CMAKE_PREFIX_PATH=/opt/ros/humble /usr/bin/cmake --install /root/ros2_ws/build/track_car
[0.099s] -- Install configuration: ""
[0.099s] -- Up-to-date: /root/ros2_ws/install/track_car/lib/track_car/track_car_node
[0.100s] -- Up-to-date: /root/ros2_ws/install/track_car/lib/track_car/control_node
[0.100s] -- Up-to-date: /root/ros2_ws/install/track_car/share/ament_index/resource_index/package_run_dependencies/track_car
[0.101s] -- Up-to-date: /root/ros2_ws/install/track_car/share/ament_index/resource_index/parent_prefix_path/track_car
[0.101s] -- Up-to-date: /root/ros2_ws/install/track_car/share/track_car/environment/ament_prefix_path.sh
[0.101s] -- Up-to-date: /root/ros2_ws/install/track_car/share/track_car/environment/ament_prefix_path.dsv
[0.101s] -- Up-to-date: /root/ros2_ws/install/track_car/share/track_car/environment/path.sh
[0.102s] -- Up-to-date: /root/ros2_ws/install/track_car/share/track_car/environment/path.dsv
[0.102s] -- Up-to-date: /root/ros2_ws/install/track_car/share/track_car/local_setup.bash
[0.102s] -- Up-to-date: /root/ros2_ws/install/track_car/share/track_car/local_setup.sh
[0.102s] -- Up-to-date: /root/ros2_ws/install/track_car/share/track_car/local_setup.zsh
[0.102s] -- Up-to-date: /root/ros2_ws/install/track_car/share/track_car/local_setup.dsv
[0.102s] -- Installing: /root/ros2_ws/install/track_car/share/track_car/package.dsv
[0.102s] -- Up-to-date: /root/ros2_ws/install/track_car/share/ament_index/resource_index/packages/track_car
[0.102s] -- Up-to-date: /root/ros2_ws/install/track_car/share/track_car/cmake/track_carConfig.cmake
[0.102s] -- Up-to-date: /root/ros2_ws/install/track_car/share/track_car/cmake/track_carConfig-version.cmake
[0.103s] -- Up-to-date: /root/ros2_ws/install/track_car/share/track_car/package.xml
[0.105s] Invoked command in '/root/ros2_ws/build/track_car' returned '0': CMAKE_PREFIX_PATH=/opt/ros/humble /usr/bin/cmake --install /root/ros2_ws/build/track_car
