[0.015s] Invoking command in '/root/ros2_ws/build/track_car': CMAKE_PREFIX_PATH=${CMAKE_PREFIX_PATH}:/opt/ros/humble /usr/bin/cmake --build /root/ros2_ws/build/track_car -- -j8 -l8
[0.132s] [35m[1mConsolidate compiler generated dependencies of target control_node[0m
[0.148s] [ 50%] Built target track_car_node
[0.154s] [ 75%] [32mBuilding CXX object CMakeFiles/control_node.dir/src/control_node.cpp.o[0m
[5.619s] [100%] [32m[1mLinking CXX executable control_node[0m
[5.960s] [100%] Built target control_node
[5.976s] Invoked command in '/root/ros2_ws/build/track_car' returned '0': CMAKE_PREFIX_PATH=${CMAKE_PREFIX_PATH}:/opt/ros/humble /usr/bin/cmake --build /root/ros2_ws/build/track_car -- -j8 -l8
[5.988s] Invoking command in '/root/ros2_ws/build/track_car': CMAKE_PREFIX_PATH=${CMAKE_PREFIX_PATH}:/opt/ros/humble /usr/bin/cmake --install /root/ros2_ws/build/track_car
[5.996s] -- Install configuration: ""
[5.996s] -- Up-to-date: /root/ros2_ws/install/track_car/lib/track_car/track_car_node
[5.997s] -- Installing: /root/ros2_ws/install/track_car/lib/track_car/control_node
[5.999s] -- Set runtime path of "/root/ros2_ws/install/track_car/lib/track_car/control_node" to ""
[5.999s] -- Up-to-date: /root/ros2_ws/install/track_car/share/ament_index/resource_index/package_run_dependencies/track_car
[6.000s] -- Up-to-date: /root/ros2_ws/install/track_car/share/ament_index/resource_index/parent_prefix_path/track_car
[6.000s] -- Up-to-date: /root/ros2_ws/install/track_car/share/track_car/environment/ament_prefix_path.sh
[6.000s] -- Up-to-date: /root/ros2_ws/install/track_car/share/track_car/environment/ament_prefix_path.dsv
[6.001s] -- Up-to-date: /root/ros2_ws/install/track_car/share/track_car/environment/path.sh
[6.001s] -- Up-to-date: /root/ros2_ws/install/track_car/share/track_car/environment/path.dsv
[6.001s] -- Up-to-date: /root/ros2_ws/install/track_car/share/track_car/local_setup.bash
[6.001s] -- Up-to-date: /root/ros2_ws/install/track_car/share/track_car/local_setup.sh
[6.001s] -- Up-to-date: /root/ros2_ws/install/track_car/share/track_car/local_setup.zsh
[6.001s] -- Up-to-date: /root/ros2_ws/install/track_car/share/track_car/local_setup.dsv
[6.001s] -- Installing: /root/ros2_ws/install/track_car/share/track_car/package.dsv
[6.001s] -- Up-to-date: /root/ros2_ws/install/track_car/share/ament_index/resource_index/packages/track_car
[6.001s] -- Up-to-date: /root/ros2_ws/install/track_car/share/track_car/cmake/track_carConfig.cmake
[6.001s] -- Up-to-date: /root/ros2_ws/install/track_car/share/track_car/cmake/track_carConfig-version.cmake
[6.002s] -- Up-to-date: /root/ros2_ws/install/track_car/share/track_car/package.xml
[6.004s] Invoked command in '/root/ros2_ws/build/track_car' returned '0': CMAKE_PREFIX_PATH=${CMAKE_PREFIX_PATH}:/opt/ros/humble /usr/bin/cmake --install /root/ros2_ws/build/track_car
