[ 25%] [32mBuilding CXX object CMakeFiles/control_node.dir/src/control_node.cpp.o[0m
[ 75%] Built target track_car_node
[100%] [32m[1mLinking CXX executable control_node[0m
[100%] Built target control_node
-- Install configuration: ""
-- Up-to-date: /root/ros2_ws/install/track_car/lib/track_car/track_car_node
-- Installing: /root/ros2_ws/install/track_car/lib/track_car/control_node
-- Set runtime path of "/root/ros2_ws/install/track_car/lib/track_car/control_node" to ""
-- Up-to-date: /root/ros2_ws/install/track_car/share/ament_index/resource_index/package_run_dependencies/track_car
-- Up-to-date: /root/ros2_ws/install/track_car/share/ament_index/resource_index/parent_prefix_path/track_car
-- Up-to-date: /root/ros2_ws/install/track_car/share/track_car/environment/ament_prefix_path.sh
-- Up-to-date: /root/ros2_ws/install/track_car/share/track_car/environment/ament_prefix_path.dsv
-- Up-to-date: /root/ros2_ws/install/track_car/share/track_car/environment/path.sh
-- Up-to-date: /root/ros2_ws/install/track_car/share/track_car/environment/path.dsv
-- Up-to-date: /root/ros2_ws/install/track_car/share/track_car/local_setup.bash
-- Up-to-date: /root/ros2_ws/install/track_car/share/track_car/local_setup.sh
-- Up-to-date: /root/ros2_ws/install/track_car/share/track_car/local_setup.zsh
-- Up-to-date: /root/ros2_ws/install/track_car/share/track_car/local_setup.dsv
-- Installing: /root/ros2_ws/install/track_car/share/track_car/package.dsv
-- Up-to-date: /root/ros2_ws/install/track_car/share/ament_index/resource_index/packages/track_car
-- Up-to-date: /root/ros2_ws/install/track_car/share/track_car/cmake/track_carConfig.cmake
-- Up-to-date: /root/ros2_ws/install/track_car/share/track_car/cmake/track_carConfig-version.cmake
-- Up-to-date: /root/ros2_ws/install/track_car/share/track_car/package.xml
