[0.015s] Invoking command in '/root/ros2_ws/build/track_car': CMAKE_PREFIX_PATH=${CMAKE_PREFIX_PATH}:/opt/ros/humble /usr/bin/cmake --build /root/ros2_ws/build/track_car -- -j8 -l8
[0.064s] [ 25%] [32mBuilding CXX object CMakeFiles/control_node.dir/src/control_node.cpp.o[0m
[0.066s] [ 75%] Built target track_car_node
[6.541s] [100%] [32m[1mLinking CXX executable control_node[0m
[6.934s] [100%] Built target control_node
[6.946s] Invoked command in '/root/ros2_ws/build/track_car' returned '0': CMAKE_PREFIX_PATH=${CMAKE_PREFIX_PATH}:/opt/ros/humble /usr/bin/cmake --build /root/ros2_ws/build/track_car -- -j8 -l8
[6.956s] Invoking command in '/root/ros2_ws/build/track_car': CMAKE_PREFIX_PATH=${CMAKE_PREFIX_PATH}:/opt/ros/humble /usr/bin/cmake --install /root/ros2_ws/build/track_car
[6.963s] -- Install configuration: ""
[6.963s] -- Up-to-date: /root/ros2_ws/install/track_car/lib/track_car/track_car_node
[6.963s] -- Installing: /root/ros2_ws/install/track_car/lib/track_car/control_node
[6.965s] -- Set runtime path of "/root/ros2_ws/install/track_car/lib/track_car/control_node" to ""
[6.965s] -- Up-to-date: /root/ros2_ws/install/track_car/share/ament_index/resource_index/package_run_dependencies/track_car
[6.965s] -- Up-to-date: /root/ros2_ws/install/track_car/share/ament_index/resource_index/parent_prefix_path/track_car
[6.966s] -- Up-to-date: /root/ros2_ws/install/track_car/share/track_car/environment/ament_prefix_path.sh
[6.966s] -- Up-to-date: /root/ros2_ws/install/track_car/share/track_car/environment/ament_prefix_path.dsv
[6.966s] -- Up-to-date: /root/ros2_ws/install/track_car/share/track_car/environment/path.sh
[6.966s] -- Up-to-date: /root/ros2_ws/install/track_car/share/track_car/environment/path.dsv
[6.967s] -- Up-to-date: /root/ros2_ws/install/track_car/share/track_car/local_setup.bash
[6.967s] -- Up-to-date: /root/ros2_ws/install/track_car/share/track_car/local_setup.sh
[6.967s] -- Up-to-date: /root/ros2_ws/install/track_car/share/track_car/local_setup.zsh
[6.969s] -- Up-to-date: /root/ros2_ws/install/track_car/share/track_car/local_setup.dsv
[6.970s] -- Installing: /root/ros2_ws/install/track_car/share/track_car/package.dsv
[6.970s] -- Up-to-date: /root/ros2_ws/install/track_car/share/ament_index/resource_index/packages/track_car
[6.971s] -- Up-to-date: /root/ros2_ws/install/track_car/share/track_car/cmake/track_carConfig.cmake
[6.971s] -- Up-to-date: /root/ros2_ws/install/track_car/share/track_car/cmake/track_carConfig-version.cmake
[6.972s] -- Up-to-date: /root/ros2_ws/install/track_car/share/track_car/package.xml
[6.972s] Invoked command in '/root/ros2_ws/build/track_car' returned '0': CMAKE_PREFIX_PATH=${CMAKE_PREFIX_PATH}:/opt/ros/humble /usr/bin/cmake --install /root/ros2_ws/build/track_car
