[0.046s] Invoking command in '/root/ros2_ws/build/track_car': CMAKE_PREFIX_PATH=/opt/ros/humble /usr/bin/cmake --build /root/ros2_ws/build/track_car -- -j8 -l8
[0.144s] [35m[1mConsolidate compiler generated dependencies of target track_car_node[0m
[0.179s] [ 50%] Built target control_node
[0.187s] [ 75%] [32mBuilding CXX object CMakeFiles/track_car_node.dir/src/track_car_node.cpp.o[0m
[23.265s] [100%] [32m[1mLinking CXX executable track_car_node[0m
[25.133s] [100%] Built target track_car_node
[25.149s] Invoked command in '/root/ros2_ws/build/track_car' returned '0': CMAKE_PREFIX_PATH=/opt/ros/humble /usr/bin/cmake --build /root/ros2_ws/build/track_car -- -j8 -l8
[25.167s] Invoking command in '/root/ros2_ws/build/track_car': CMAKE_PREFIX_PATH=/opt/ros/humble /usr/bin/cmake --install /root/ros2_ws/build/track_car
[25.178s] -- Install configuration: ""
[25.179s] -- Execute custom install script
[25.180s] -- Up-to-date symlink: /root/ros2_ws/install/track_car/lib/track_car/track_car_node
[25.180s] -- Up-to-date symlink: /root/ros2_ws/install/track_car/lib/track_car/control_node
[25.180s] -- Up-to-date symlink: /root/ros2_ws/install/track_car/share/ament_index/resource_index/package_run_dependencies/track_car
[25.181s] -- Up-to-date symlink: /root/ros2_ws/install/track_car/share/ament_index/resource_index/parent_prefix_path/track_car
[25.181s] -- Up-to-date symlink: /root/ros2_ws/install/track_car/share/track_car/environment/ament_prefix_path.sh
[25.181s] -- Up-to-date symlink: /root/ros2_ws/install/track_car/share/track_car/environment/ament_prefix_path.dsv
[25.182s] -- Up-to-date symlink: /root/ros2_ws/install/track_car/share/track_car/environment/path.sh
[25.182s] -- Up-to-date symlink: /root/ros2_ws/install/track_car/share/track_car/environment/path.dsv
[25.182s] -- Up-to-date symlink: /root/ros2_ws/install/track_car/share/track_car/local_setup.bash
[25.182s] -- Up-to-date symlink: /root/ros2_ws/install/track_car/share/track_car/local_setup.sh
[25.183s] -- Up-to-date symlink: /root/ros2_ws/install/track_car/share/track_car/local_setup.zsh
[25.184s] -- Up-to-date symlink: /root/ros2_ws/install/track_car/share/track_car/local_setup.dsv
[25.184s] -- Symlinking: /root/ros2_ws/install/track_car/share/track_car/package.dsv
[25.197s] -- Up-to-date symlink: /root/ros2_ws/install/track_car/share/ament_index/resource_index/packages/track_car
[25.197s] -- Up-to-date symlink: /root/ros2_ws/install/track_car/share/track_car/cmake/track_carConfig.cmake
[25.197s] -- Up-to-date symlink: /root/ros2_ws/install/track_car/share/track_car/cmake/track_carConfig-version.cmake
[25.197s] -- Up-to-date symlink: /root/ros2_ws/install/track_car/share/track_car/package.xml
[25.201s] Invoked command in '/root/ros2_ws/build/track_car' returned '0': CMAKE_PREFIX_PATH=/opt/ros/humble /usr/bin/cmake --install /root/ros2_ws/build/track_car
