[0.018s] Invoking command in '/root/ros2_ws/build/track_car': CMAKE_PREFIX_PATH=${CMAKE_PREFIX_PATH}:/opt/ros/humble /usr/bin/cmake /root/ros2_ws/src/track_car -DCMAKE_INSTALL_PREFIX=/root/ros2_ws/install/track_car
[0.034s] -- Found ament_cmake: 1.3.11 (/opt/ros/humble/share/ament_cmake/cmake)
[0.292s] -- Override CMake install command with custom implementation using symlinks instead of copying resources
[0.309s] -- Found rclcpp: 16.0.12 (/opt/ros/humble/share/rclcpp/cmake)
[0.510s] -- Found rosidl_generator_c: 3.1.6 (/opt/ros/humble/share/rosidl_generator_c/cmake)
[0.514s] -- Found rosidl_adapter: 3.1.6 (/opt/ros/humble/share/rosidl_adapter/cmake)
[0.526s] -- Found rosidl_generator_cpp: 3.1.6 (/opt/ros/humble/share/rosidl_generator_cpp/cmake)
[0.543s] -- Using all available rosidl_typesupport_c: rosidl_typesupport_fastrtps_c;rosidl_typesupport_introspection_c
[0.567s] -- Using all available rosidl_typesupport_cpp: rosidl_typesupport_fastrtps_cpp;rosidl_typesupport_introspection_cpp
[0.631s] -- Found rmw_implementation_cmake: 6.1.2 (/opt/ros/humble/share/rmw_implementation_cmake/cmake)
[0.633s] -- Found rmw_fastrtps_cpp: 6.2.7 (/opt/ros/humble/share/rmw_fastrtps_cpp/cmake)
[5.393s] -- Using RMW implementation 'rmw_fastrtps_cpp' as default
[5.466s] -- Found geometry_msgs: 4.8.0 (/opt/ros/humble/share/geometry_msgs/cmake)
[5.481s] -- Found sensor_msgs: 4.8.0 (/opt/ros/humble/share/sensor_msgs/cmake)
[5.505s] -- Found nav_msgs: 4.8.0 (/opt/ros/humble/share/nav_msgs/cmake)
[5.531s] -- Found ament_lint_auto: 0.12.12 (/opt/ros/humble/share/ament_lint_auto/cmake)
[5.634s] -- Added test 'cppcheck' to perform static code analysis on C / C++ code
[5.634s] -- Configured cppcheck include dirs: 
[5.635s] -- Configured cppcheck exclude dirs and/or files: 
[5.635s] -- Added test 'lint_cmake' to check CMake code style
[5.636s] -- Added test 'uncrustify' to check C / C++ code style
[5.636s] -- Configured uncrustify additional arguments: 
[5.637s] -- Added test 'xmllint' to check XML markup files
[5.639s] -- Configuring done
[5.662s] -- Generating done
[5.697s] -- Build files have been written to: /root/ros2_ws/build/track_car
[5.709s] Invoked command in '/root/ros2_ws/build/track_car' returned '0': CMAKE_PREFIX_PATH=${CMAKE_PREFIX_PATH}:/opt/ros/humble /usr/bin/cmake /root/ros2_ws/src/track_car -DCMAKE_INSTALL_PREFIX=/root/ros2_ws/install/track_car
[5.712s] Invoking command in '/root/ros2_ws/build/track_car': CMAKE_PREFIX_PATH=${CMAKE_PREFIX_PATH}:/opt/ros/humble /usr/bin/cmake --build /root/ros2_ws/build/track_car -- -j8 -l8
[5.761s] [35m[1mConsolidate compiler generated dependencies of target control_node[0m
[5.761s] [35m[1mConsolidate compiler generated dependencies of target track_car_node[0m
[5.788s] [ 75%] [32mBuilding CXX object CMakeFiles/control_node.dir/src/control_node.cpp.o[0m
[5.788s] [ 75%] Built target track_car_node
[12.907s] [100%] [32m[1mLinking CXX executable control_node[0m
[13.354s] [100%] Built target control_node
[13.371s] Invoked command in '/root/ros2_ws/build/track_car' returned '0': CMAKE_PREFIX_PATH=${CMAKE_PREFIX_PATH}:/opt/ros/humble /usr/bin/cmake --build /root/ros2_ws/build/track_car -- -j8 -l8
[13.386s] Invoking command in '/root/ros2_ws/build/track_car': CMAKE_PREFIX_PATH=${CMAKE_PREFIX_PATH}:/opt/ros/humble /usr/bin/cmake --install /root/ros2_ws/build/track_car
[13.407s] -- Install configuration: ""
[13.408s] -- Execute custom install script
[13.409s] -- Up-to-date symlink: /root/ros2_ws/install/track_car/lib/track_car/track_car_node
[13.409s] -- Up-to-date symlink: /root/ros2_ws/install/track_car/lib/track_car/control_node
[13.409s] -- Up-to-date symlink: /root/ros2_ws/install/track_car/share/ament_index/resource_index/package_run_dependencies/track_car
[13.410s] -- Up-to-date symlink: /root/ros2_ws/install/track_car/share/ament_index/resource_index/parent_prefix_path/track_car
[13.411s] -- Up-to-date symlink: /root/ros2_ws/install/track_car/share/track_car/environment/ament_prefix_path.sh
[13.411s] -- Up-to-date symlink: /root/ros2_ws/install/track_car/share/track_car/environment/ament_prefix_path.dsv
[13.411s] -- Up-to-date symlink: /root/ros2_ws/install/track_car/share/track_car/environment/path.sh
[13.411s] -- Up-to-date symlink: /root/ros2_ws/install/track_car/share/track_car/environment/path.dsv
[13.412s] -- Up-to-date symlink: /root/ros2_ws/install/track_car/share/track_car/local_setup.bash
[13.412s] -- Up-to-date symlink: /root/ros2_ws/install/track_car/share/track_car/local_setup.sh
[13.425s] -- Up-to-date symlink: /root/ros2_ws/install/track_car/share/track_car/local_setup.zsh
[13.425s] -- Up-to-date symlink: /root/ros2_ws/install/track_car/share/track_car/local_setup.dsv
[13.425s] -- Symlinking: /root/ros2_ws/install/track_car/share/track_car/package.dsv
[13.472s] -- Up-to-date symlink: /root/ros2_ws/install/track_car/share/ament_index/resource_index/packages/track_car
[13.473s] -- Up-to-date symlink: /root/ros2_ws/install/track_car/share/track_car/cmake/track_carConfig.cmake
[13.473s] -- Up-to-date symlink: /root/ros2_ws/install/track_car/share/track_car/cmake/track_carConfig-version.cmake
[13.474s] -- Up-to-date symlink: /root/ros2_ws/install/track_car/share/track_car/package.xml
[13.478s] Invoked command in '/root/ros2_ws/build/track_car' returned '0': CMAKE_PREFIX_PATH=${CMAKE_PREFIX_PATH}:/opt/ros/humble /usr/bin/cmake --install /root/ros2_ws/build/track_car
