[0.041s] Invoking command in '/root/ros2_ws/build/track_car': CMAKE_PREFIX_PATH=${CMAKE_PREFIX_PATH}:/opt/ros/humble /usr/bin/cmake --build /root/ros2_ws/build/track_car -- -j8 -l8
[0.147s] [35m[1mConsolidate compiler generated dependencies of target control_node[0m
[0.172s] [ 50%] Built target track_car_node
[0.199s] [ 75%] [32mBuilding CXX object CMakeFiles/control_node.dir/src/control_node.cpp.o[0m
[12.526s] [100%] [32m[1mLinking CXX executable control_node[0m
[13.238s] [100%] Built target control_node
[13.267s] Invoked command in '/root/ros2_ws/build/track_car' returned '0': CMAKE_PREFIX_PATH=${CMAKE_PREFIX_PATH}:/opt/ros/humble /usr/bin/cmake --build /root/ros2_ws/build/track_car -- -j8 -l8
[13.291s] Invoking command in '/root/ros2_ws/build/track_car': CMAKE_PREFIX_PATH=${CMAKE_PREFIX_PATH}:/opt/ros/humble /usr/bin/cmake --install /root/ros2_ws/build/track_car
[13.310s] -- Install configuration: ""
[13.312s] -- Up-to-date: /root/ros2_ws/install/track_car/lib/track_car/track_car_node
[13.315s] -- Installing: /root/ros2_ws/install/track_car/lib/track_car/control_node
[13.320s] -- Set runtime path of "/root/ros2_ws/install/track_car/lib/track_car/control_node" to ""
[13.321s] -- Up-to-date: /root/ros2_ws/install/track_car/share/ament_index/resource_index/package_run_dependencies/track_car
[13.321s] -- Up-to-date: /root/ros2_ws/install/track_car/share/ament_index/resource_index/parent_prefix_path/track_car
[13.321s] -- Up-to-date: /root/ros2_ws/install/track_car/share/track_car/environment/ament_prefix_path.sh
[13.322s] -- Up-to-date: /root/ros2_ws/install/track_car/share/track_car/environment/ament_prefix_path.dsv
[13.322s] -- Up-to-date: /root/ros2_ws/install/track_car/share/track_car/environment/path.sh
[13.322s] -- Up-to-date: /root/ros2_ws/install/track_car/share/track_car/environment/path.dsv
[13.322s] -- Up-to-date: /root/ros2_ws/install/track_car/share/track_car/local_setup.bash
[13.323s] -- Up-to-date: /root/ros2_ws/install/track_car/share/track_car/local_setup.sh
[13.323s] -- Up-to-date: /root/ros2_ws/install/track_car/share/track_car/local_setup.zsh
[13.323s] -- Up-to-date: /root/ros2_ws/install/track_car/share/track_car/local_setup.dsv
[13.323s] -- Installing: /root/ros2_ws/install/track_car/share/track_car/package.dsv
[13.324s] -- Up-to-date: /root/ros2_ws/install/track_car/share/ament_index/resource_index/packages/track_car
[13.325s] -- Up-to-date: /root/ros2_ws/install/track_car/share/track_car/cmake/track_carConfig.cmake
[13.325s] -- Up-to-date: /root/ros2_ws/install/track_car/share/track_car/cmake/track_carConfig-version.cmake
[13.328s] -- Up-to-date: /root/ros2_ws/install/track_car/share/track_car/package.xml
[13.330s] Invoked command in '/root/ros2_ws/build/track_car' returned '0': CMAKE_PREFIX_PATH=${CMAKE_PREFIX_PATH}:/opt/ros/humble /usr/bin/cmake --install /root/ros2_ws/build/track_car
