[0.056s] Invoking command in '/root/ros2_ws/build/track_car': CMAKE_PREFIX_PATH=${CMAKE_PREFIX_PATH}:/opt/ros/humble /usr/bin/cmake /root/ros2_ws/src/track_car -DCMAKE_INSTALL_PREFIX=/root/ros2_ws/install/track_car
[0.282s] -- The C compiler identification is GNU 11.4.0
[0.981s] -- The CXX compiler identification is GNU 11.4.0
[1.286s] -- Detecting C compiler ABI info
[1.567s] -- Detecting C compiler ABI info - done
[1.583s] -- Check for working C compiler: /usr/bin/cc - skipped
[1.583s] -- Detecting C compile features
[1.585s] -- Detecting C compile features - done
[1.595s] -- Detecting CXX compiler ABI info
[1.875s] -- Detecting CXX compiler ABI info - done
[1.889s] -- Check for working CXX compiler: /usr/bin/c++ - skipped
[1.889s] -- Detecting CXX compile features
[1.891s] -- Detecting CXX compile features - done
[1.894s] -- Found ament_cmake: 1.3.11 (/opt/ros/humble/share/ament_cmake/cmake)
[2.286s] -- Found Python3: /usr/bin/python3 (found version "3.10.12") found components: Interpreter 
[2.518s] -- Found rclcpp: 16.0.12 (/opt/ros/humble/share/rclcpp/cmake)
[2.826s] -- Found rosidl_generator_c: 3.1.6 (/opt/ros/humble/share/rosidl_generator_c/cmake)
[2.834s] -- Found rosidl_adapter: 3.1.6 (/opt/ros/humble/share/rosidl_adapter/cmake)
[2.864s] -- Found rosidl_generator_cpp: 3.1.6 (/opt/ros/humble/share/rosidl_generator_cpp/cmake)
[2.890s] -- Using all available rosidl_typesupport_c: rosidl_typesupport_fastrtps_c;rosidl_typesupport_introspection_c
[2.919s] -- Using all available rosidl_typesupport_cpp: rosidl_typesupport_fastrtps_cpp;rosidl_typesupport_introspection_cpp
[3.007s] -- Found rmw_implementation_cmake: 6.1.2 (/opt/ros/humble/share/rmw_implementation_cmake/cmake)
[3.012s] -- Found rmw_fastrtps_cpp: 6.2.7 (/opt/ros/humble/share/rmw_fastrtps_cpp/cmake)
[4.455s] -- Found OpenSSL: /usr/lib/x86_64-linux-gnu/libcrypto.so (found version "3.0.2")  
[5.753s] -- Found FastRTPS: /opt/ros/humble/include  
[8.603s] -- Using RMW implementation 'rmw_fastrtps_cpp' as default
[8.616s] -- Looking for pthread.h
[8.832s] -- Looking for pthread.h - found
[8.833s] -- Performing Test CMAKE_HAVE_LIBC_PTHREAD
[9.101s] -- Performing Test CMAKE_HAVE_LIBC_PTHREAD - Success
[9.102s] -- Found Threads: TRUE  
[9.254s] -- Found geometry_msgs: 4.8.0 (/opt/ros/humble/share/geometry_msgs/cmake)
[9.295s] -- Found sensor_msgs: 4.8.0 (/opt/ros/humble/share/sensor_msgs/cmake)
[9.342s] -- Found nav_msgs: 4.8.0 (/opt/ros/humble/share/nav_msgs/cmake)
[9.392s] -- Found tf2: 0.25.12 (/opt/ros/humble/share/tf2/cmake)
[9.713s] -- Configuring done
[9.780s] -- Generating done
[9.801s] -- Build files have been written to: /root/ros2_ws/build/track_car
[9.840s] Invoked command in '/root/ros2_ws/build/track_car' returned '0': CMAKE_PREFIX_PATH=${CMAKE_PREFIX_PATH}:/opt/ros/humble /usr/bin/cmake /root/ros2_ws/src/track_car -DCMAKE_INSTALL_PREFIX=/root/ros2_ws/install/track_car
[9.852s] Invoking command in '/root/ros2_ws/build/track_car': CMAKE_PREFIX_PATH=${CMAKE_PREFIX_PATH}:/opt/ros/humble /usr/bin/cmake --build /root/ros2_ws/build/track_car -- -j8 -l8
[9.980s] [35m[1mConsolidate compiler generated dependencies of target control_node[0m
[9.983s] [35m[1mConsolidate compiler generated dependencies of target track_car_node[0m
[9.985s] [35m[1mConsolidate compiler generated dependencies of target alg_main[0m
[10.047s] [ 22%] Built target track_car_node
[10.049s] [ 44%] Built target control_node
[10.092s] [100%] Built target alg_main
[10.118s] Invoked command in '/root/ros2_ws/build/track_car' returned '0': CMAKE_PREFIX_PATH=${CMAKE_PREFIX_PATH}:/opt/ros/humble /usr/bin/cmake --build /root/ros2_ws/build/track_car -- -j8 -l8
[10.156s] Invoking command in '/root/ros2_ws/build/track_car': CMAKE_PREFIX_PATH=${CMAKE_PREFIX_PATH}:/opt/ros/humble /usr/bin/cmake --install /root/ros2_ws/build/track_car
[10.172s] -- Install configuration: ""
[10.173s] -- Installing: /root/ros2_ws/install/track_car/share/track_car/package.dsv
[10.181s] Invoked command in '/root/ros2_ws/build/track_car' returned '0': CMAKE_PREFIX_PATH=${CMAKE_PREFIX_PATH}:/opt/ros/humble /usr/bin/cmake --install /root/ros2_ws/build/track_car
