[0.039s] Invoking command in '/root/ros2_ws/build/track_car': CMAKE_PREFIX_PATH=/opt/ros/humble /usr/bin/cmake --build /root/ros2_ws/build/track_car -- -j8 -l8
[1.005s] [35m[1mConsolidate compiler generated dependencies of target control_node[0m
[1.221s] [ 50%] Built target track_car_node
[1.256s] [100%] Built target control_node
[1.268s] Invoked command in '/root/ros2_ws/build/track_car' returned '0': CMAKE_PREFIX_PATH=/opt/ros/humble /usr/bin/cmake --build /root/ros2_ws/build/track_car -- -j8 -l8
[1.279s] Invoking command in '/root/ros2_ws/build/track_car': CMAKE_PREFIX_PATH=/opt/ros/humble /usr/bin/cmake --install /root/ros2_ws/build/track_car
[1.294s] -- Install configuration: ""
[1.334s] -- Up-to-date: /root/ros2_ws/install/track_car/lib/track_car/track_car_node
[1.378s] -- Up-to-date: /root/ros2_ws/install/track_car/lib/track_car/control_node
[1.378s] -- Up-to-date: /root/ros2_ws/install/track_car/share/ament_index/resource_index/package_run_dependencies/track_car
[1.379s] -- Up-to-date: /root/ros2_ws/install/track_car/share/ament_index/resource_index/parent_prefix_path/track_car
[1.379s] -- Up-to-date: /root/ros2_ws/install/track_car/share/track_car/environment/ament_prefix_path.sh
[1.379s] -- Up-to-date: /root/ros2_ws/install/track_car/share/track_car/environment/ament_prefix_path.dsv
[1.380s] -- Up-to-date: /root/ros2_ws/install/track_car/share/track_car/environment/path.sh
[1.380s] -- Up-to-date: /root/ros2_ws/install/track_car/share/track_car/environment/path.dsv
[1.380s] -- Up-to-date: /root/ros2_ws/install/track_car/share/track_car/local_setup.bash
[1.380s] -- Up-to-date: /root/ros2_ws/install/track_car/share/track_car/local_setup.sh
[1.380s] -- Up-to-date: /root/ros2_ws/install/track_car/share/track_car/local_setup.zsh
[1.380s] -- Up-to-date: /root/ros2_ws/install/track_car/share/track_car/local_setup.dsv
[1.380s] -- Installing: /root/ros2_ws/install/track_car/share/track_car/package.dsv
[1.396s] -- Up-to-date: /root/ros2_ws/install/track_car/share/ament_index/resource_index/packages/track_car
[1.396s] -- Up-to-date: /root/ros2_ws/install/track_car/share/track_car/cmake/track_carConfig.cmake
[1.397s] -- Up-to-date: /root/ros2_ws/install/track_car/share/track_car/cmake/track_carConfig-version.cmake
[1.397s] -- Up-to-date: /root/ros2_ws/install/track_car/share/track_car/package.xml
[1.399s] Invoked command in '/root/ros2_ws/build/track_car' returned '0': CMAKE_PREFIX_PATH=/opt/ros/humble /usr/bin/cmake --install /root/ros2_ws/build/track_car
