[0.245s] DEBUG:colcon:Command line arguments: ['/usr/bin/colcon', 'build', '--symlink-install']
[0.245s] DEBUG:colcon:Parsed command line arguments: Namespace(log_base=None, log_level=None, verb_name='build', build_base='build', install_base='install', merge_install=False, symlink_install=True, test_result_base=None, continue_on_error=False, executor='parallel', parallel_workers=8, event_handlers=None, ignore_user_meta=False, metas=['./colcon.meta'], base_paths=['.'], packages_ignore=None, packages_ignore_regex=None, paths=None, packages_up_to=None, packages_up_to_regex=None, packages_above=None, packages_above_and_dependencies=None, packages_above_depth=None, packages_select_by_dep=None, packages_skip_by_dep=None, packages_skip_up_to=None, packages_select_build_failed=False, packages_skip_build_finished=False, packages_select_test_failures=False, packages_skip_test_passed=False, packages_select=None, packages_skip=None, packages_select_regex=None, packages_skip_regex=None, packages_start=None, packages_end=None, allow_overriding=[], cmake_args=None, cmake_target=None, cmake_target_skip_unavailable=False, cmake_clean_cache=False, cmake_clean_first=False, cmake_force_configure=False, ament_cmake_args=None, catkin_cmake_args=None, catkin_skip_building_tests=False, verb_parser=<colcon_defaults.argument_parser.defaults.DefaultArgumentsDecorator object at 0x7f6e4fb5f9d0>, verb_extension=<colcon_core.verb.build.BuildVerb object at 0x7f6e4fd8d2d0>, main=<bound method BuildVerb.main of <colcon_core.verb.build.BuildVerb object at 0x7f6e4fd8d2d0>>)
[0.678s] Level 1:colcon.colcon_core.package_discovery:discover_packages(colcon_meta) check parameters
[0.678s] Level 1:colcon.colcon_core.package_discovery:discover_packages(recursive) check parameters
[0.678s] Level 1:colcon.colcon_core.package_discovery:discover_packages(ignore) check parameters
[0.678s] Level 1:colcon.colcon_core.package_discovery:discover_packages(path) check parameters
[0.678s] Level 1:colcon.colcon_core.package_discovery:discover_packages(colcon_meta) discover
[0.678s] Level 1:colcon.colcon_core.package_discovery:discover_packages(recursive) discover
[0.678s] INFO:colcon.colcon_core.package_discovery:Crawling recursively for packages in '/root/ros2_ws'
[0.679s] Level 1:colcon.colcon_core.package_identification:_identify(.) by extensions ['ignore', 'ignore_ament_install']
[0.679s] Level 1:colcon.colcon_core.package_identification:_identify(.) by extension 'ignore'
[0.679s] Level 1:colcon.colcon_core.package_identification:_identify(.) by extension 'ignore_ament_install'
[0.679s] Level 1:colcon.colcon_core.package_identification:_identify(.) by extensions ['colcon_pkg']
[0.680s] Level 1:colcon.colcon_core.package_identification:_identify(.) by extension 'colcon_pkg'
[0.680s] Level 1:colcon.colcon_core.package_identification:_identify(.) by extensions ['colcon_meta']
[0.680s] Level 1:colcon.colcon_core.package_identification:_identify(.) by extension 'colcon_meta'
[0.680s] Level 1:colcon.colcon_core.package_identification:_identify(.) by extensions ['ros']
[0.680s] Level 1:colcon.colcon_core.package_identification:_identify(.) by extension 'ros'
[0.706s] Level 1:colcon.colcon_core.package_identification:_identify(.) by extensions ['cmake', 'python']
[0.706s] Level 1:colcon.colcon_core.package_identification:_identify(.) by extension 'cmake'
[0.706s] Level 1:colcon.colcon_core.package_identification:_identify(.) by extension 'python'
[0.707s] Level 1:colcon.colcon_core.package_identification:_identify(.) by extensions ['python_setup_py']
[0.707s] Level 1:colcon.colcon_core.package_identification:_identify(.) by extension 'python_setup_py'
[0.707s] Level 1:colcon.colcon_core.package_identification:_identify(build) by extensions ['ignore', 'ignore_ament_install']
[0.707s] Level 1:colcon.colcon_core.package_identification:_identify(build) by extension 'ignore'
[0.707s] Level 1:colcon.colcon_core.package_identification:_identify(build) ignored
[0.708s] Level 1:colcon.colcon_core.package_identification:_identify(install) by extensions ['ignore', 'ignore_ament_install']
[0.708s] Level 1:colcon.colcon_core.package_identification:_identify(install) by extension 'ignore'
[0.708s] Level 1:colcon.colcon_core.package_identification:_identify(install) ignored
[0.709s] Level 1:colcon.colcon_core.package_identification:_identify(log) by extensions ['ignore', 'ignore_ament_install']
[0.709s] Level 1:colcon.colcon_core.package_identification:_identify(log) by extension 'ignore'
[0.709s] Level 1:colcon.colcon_core.package_identification:_identify(log) ignored
[0.710s] Level 1:colcon.colcon_core.package_identification:_identify(src) by extensions ['ignore', 'ignore_ament_install']
[0.710s] Level 1:colcon.colcon_core.package_identification:_identify(src) by extension 'ignore'
[0.710s] Level 1:colcon.colcon_core.package_identification:_identify(src) by extension 'ignore_ament_install'
[0.710s] Level 1:colcon.colcon_core.package_identification:_identify(src) by extensions ['colcon_pkg']
[0.710s] Level 1:colcon.colcon_core.package_identification:_identify(src) by extension 'colcon_pkg'
[0.710s] Level 1:colcon.colcon_core.package_identification:_identify(src) by extensions ['colcon_meta']
[0.711s] Level 1:colcon.colcon_core.package_identification:_identify(src) by extension 'colcon_meta'
[0.711s] Level 1:colcon.colcon_core.package_identification:_identify(src) by extensions ['ros']
[0.711s] Level 1:colcon.colcon_core.package_identification:_identify(src) by extension 'ros'
[0.711s] Level 1:colcon.colcon_core.package_identification:_identify(src) by extensions ['cmake', 'python']
[0.711s] Level 1:colcon.colcon_core.package_identification:_identify(src) by extension 'cmake'
[0.711s] Level 1:colcon.colcon_core.package_identification:_identify(src) by extension 'python'
[0.711s] Level 1:colcon.colcon_core.package_identification:_identify(src) by extensions ['python_setup_py']
[0.711s] Level 1:colcon.colcon_core.package_identification:_identify(src) by extension 'python_setup_py'
[0.711s] Level 1:colcon.colcon_core.package_identification:_identify(src/track_car) by extensions ['ignore', 'ignore_ament_install']
[0.711s] Level 1:colcon.colcon_core.package_identification:_identify(src/track_car) by extension 'ignore'
[0.712s] Level 1:colcon.colcon_core.package_identification:_identify(src/track_car) by extension 'ignore_ament_install'
[0.712s] Level 1:colcon.colcon_core.package_identification:_identify(src/track_car) by extensions ['colcon_pkg']
[0.712s] Level 1:colcon.colcon_core.package_identification:_identify(src/track_car) by extension 'colcon_pkg'
[0.712s] Level 1:colcon.colcon_core.package_identification:_identify(src/track_car) by extensions ['colcon_meta']
[0.712s] Level 1:colcon.colcon_core.package_identification:_identify(src/track_car) by extension 'colcon_meta'
[0.712s] Level 1:colcon.colcon_core.package_identification:_identify(src/track_car) by extensions ['ros']
[0.712s] Level 1:colcon.colcon_core.package_identification:_identify(src/track_car) by extension 'ros'
[0.720s] DEBUG:colcon.colcon_core.package_identification:Package 'src/track_car' with type 'ros.ament_cmake' and name 'track_car'
[0.720s] Level 1:colcon.colcon_core.package_discovery:discover_packages(recursive) using defaults
[0.720s] Level 1:colcon.colcon_core.package_discovery:discover_packages(ignore) discover
[0.720s] Level 1:colcon.colcon_core.package_discovery:discover_packages(ignore) using defaults
[0.721s] Level 1:colcon.colcon_core.package_discovery:discover_packages(path) discover
[0.721s] Level 1:colcon.colcon_core.package_discovery:discover_packages(path) using defaults
[0.767s] Level 1:colcon.colcon_core.package_discovery:discover_packages(prefix_path) check parameters
[0.767s] Level 1:colcon.colcon_core.package_discovery:discover_packages(prefix_path) discover
[0.799s] DEBUG:colcon.colcon_installed_package_information.package_discovery:Found 317 installed packages in /opt/ros/humble
[0.806s] Level 1:colcon.colcon_core.package_discovery:discover_packages(prefix_path) using defaults
[0.946s] Level 5:colcon.colcon_core.verb:set package 'track_car' build argument 'cmake_args' from command line to 'None'
[0.946s] Level 5:colcon.colcon_core.verb:set package 'track_car' build argument 'cmake_target' from command line to 'None'
[0.947s] Level 5:colcon.colcon_core.verb:set package 'track_car' build argument 'cmake_target_skip_unavailable' from command line to 'False'
[0.947s] Level 5:colcon.colcon_core.verb:set package 'track_car' build argument 'cmake_clean_cache' from command line to 'False'
[0.947s] Level 5:colcon.colcon_core.verb:set package 'track_car' build argument 'cmake_clean_first' from command line to 'False'
[0.947s] Level 5:colcon.colcon_core.verb:set package 'track_car' build argument 'cmake_force_configure' from command line to 'False'
[0.947s] Level 5:colcon.colcon_core.verb:set package 'track_car' build argument 'ament_cmake_args' from command line to 'None'
[0.947s] Level 5:colcon.colcon_core.verb:set package 'track_car' build argument 'catkin_cmake_args' from command line to 'None'
[0.947s] Level 5:colcon.colcon_core.verb:set package 'track_car' build argument 'catkin_skip_building_tests' from command line to 'False'
[0.947s] DEBUG:colcon.colcon_core.verb:Building package 'track_car' with the following arguments: {'ament_cmake_args': None, 'build_base': '/root/ros2_ws/build/track_car', 'catkin_cmake_args': None, 'catkin_skip_building_tests': False, 'cmake_args': None, 'cmake_clean_cache': False, 'cmake_clean_first': False, 'cmake_force_configure': False, 'cmake_target': None, 'cmake_target_skip_unavailable': False, 'install_base': '/root/ros2_ws/install/track_car', 'merge_install': False, 'path': '/root/ros2_ws/src/track_car', 'symlink_install': True, 'test_result_base': None}
[0.948s] INFO:colcon.colcon_core.executor:Executing jobs using 'parallel' executor
[0.952s] DEBUG:colcon.colcon_parallel_executor.executor.parallel:run_until_complete
[0.953s] INFO:colcon.colcon_ros.task.ament_cmake.build:Building ROS package in '/root/ros2_ws/src/track_car' with build type 'ament_cmake'
[0.954s] INFO:colcon.colcon_cmake.task.cmake.build:Building CMake package in '/root/ros2_ws/src/track_car'
[0.961s] INFO:colcon.colcon_core.plugin_system:Skipping extension 'colcon_core.shell.bat': Not used on non-Windows systems
[0.962s] INFO:colcon.colcon_core.shell:Skip shell extension 'powershell' for command environment: Not usable outside of PowerShell
[0.962s] DEBUG:colcon.colcon_core.shell:Skip shell extension 'dsv' for command environment
[1.000s] DEBUG:colcon.colcon_core.event_handler.log_command:Invoking command in '/root/ros2_ws/build/track_car': CMAKE_PREFIX_PATH=/opt/ros/humble /usr/bin/cmake --build /root/ros2_ws/build/track_car -- -j8 -l8
[26.104s] DEBUG:colcon.colcon_core.event_handler.log_command:Invoked command in '/root/ros2_ws/build/track_car' returned '0': CMAKE_PREFIX_PATH=/opt/ros/humble /usr/bin/cmake --build /root/ros2_ws/build/track_car -- -j8 -l8
[26.122s] DEBUG:colcon.colcon_core.event_handler.log_command:Invoking command in '/root/ros2_ws/build/track_car': CMAKE_PREFIX_PATH=/opt/ros/humble /usr/bin/cmake --install /root/ros2_ws/build/track_car
[26.154s] Level 1:colcon.colcon_core.environment:create_environment_scripts_only(track_car)
[26.155s] DEBUG:colcon.colcon_core.event_handler.log_command:Invoked command in '/root/ros2_ws/build/track_car' returned '0': CMAKE_PREFIX_PATH=/opt/ros/humble /usr/bin/cmake --install /root/ros2_ws/build/track_car
[26.163s] Level 1:colcon.colcon_core.environment:checking '/root/ros2_ws/install/track_car' for CMake module files
[26.166s] Level 1:colcon.colcon_core.environment:checking '/root/ros2_ws/install/track_car' for CMake config files
[26.166s] Level 1:colcon.colcon_core.shell:create_environment_hook('track_car', 'cmake_prefix_path')
[26.167s] INFO:colcon.colcon_core.shell:Creating environment hook '/root/ros2_ws/install/track_car/share/track_car/hook/cmake_prefix_path.ps1'
[26.168s] INFO:colcon.colcon_core.shell:Creating environment descriptor '/root/ros2_ws/install/track_car/share/track_car/hook/cmake_prefix_path.dsv'
[26.168s] INFO:colcon.colcon_core.shell:Creating environment hook '/root/ros2_ws/install/track_car/share/track_car/hook/cmake_prefix_path.sh'
[26.170s] Level 1:colcon.colcon_core.environment:checking '/root/ros2_ws/install/track_car/lib'
[26.170s] Level 1:colcon.colcon_core.environment:checking '/root/ros2_ws/install/track_car/bin'
[26.170s] Level 1:colcon.colcon_core.environment:checking '/root/ros2_ws/install/track_car/lib/pkgconfig/track_car.pc'
[26.171s] Level 1:colcon.colcon_core.environment:checking '/root/ros2_ws/install/track_car/lib/python3.10/site-packages'
[26.171s] Level 1:colcon.colcon_core.environment:checking '/root/ros2_ws/install/track_car/bin'
[26.172s] INFO:colcon.colcon_core.shell:Creating package script '/root/ros2_ws/install/track_car/share/track_car/package.ps1'
[26.174s] INFO:colcon.colcon_core.shell:Creating package descriptor '/root/ros2_ws/install/track_car/share/track_car/package.dsv'
[26.176s] INFO:colcon.colcon_core.shell:Creating package script '/root/ros2_ws/install/track_car/share/track_car/package.sh'
[26.180s] INFO:colcon.colcon_core.shell:Creating package script '/root/ros2_ws/install/track_car/share/track_car/package.bash'
[26.183s] INFO:colcon.colcon_core.shell:Creating package script '/root/ros2_ws/install/track_car/share/track_car/package.zsh'
[26.184s] Level 1:colcon.colcon_core.environment:create_file_with_runtime_dependencies(/root/ros2_ws/install/track_car/share/colcon-core/packages/track_car)
[26.185s] Level 1:colcon.colcon_core.environment:create_environment_scripts_only(track_car)
[26.186s] Level 1:colcon.colcon_core.environment:checking '/root/ros2_ws/install/track_car' for CMake module files
[26.186s] Level 1:colcon.colcon_core.environment:checking '/root/ros2_ws/install/track_car' for CMake config files
[26.187s] Level 1:colcon.colcon_core.shell:create_environment_hook('track_car', 'cmake_prefix_path')
[26.187s] INFO:colcon.colcon_core.shell:Creating environment hook '/root/ros2_ws/install/track_car/share/track_car/hook/cmake_prefix_path.ps1'
[26.188s] INFO:colcon.colcon_core.shell:Creating environment descriptor '/root/ros2_ws/install/track_car/share/track_car/hook/cmake_prefix_path.dsv'
[26.189s] INFO:colcon.colcon_core.shell:Creating environment hook '/root/ros2_ws/install/track_car/share/track_car/hook/cmake_prefix_path.sh'
[26.190s] Level 1:colcon.colcon_core.environment:checking '/root/ros2_ws/install/track_car/lib'
[26.190s] Level 1:colcon.colcon_core.environment:checking '/root/ros2_ws/install/track_car/bin'
[26.191s] Level 1:colcon.colcon_core.environment:checking '/root/ros2_ws/install/track_car/lib/pkgconfig/track_car.pc'
[26.191s] Level 1:colcon.colcon_core.environment:checking '/root/ros2_ws/install/track_car/lib/python3.10/site-packages'
[26.192s] Level 1:colcon.colcon_core.environment:checking '/root/ros2_ws/install/track_car/bin'
[26.194s] INFO:colcon.colcon_core.shell:Creating package script '/root/ros2_ws/install/track_car/share/track_car/package.ps1'
[26.197s] INFO:colcon.colcon_core.shell:Creating package descriptor '/root/ros2_ws/install/track_car/share/track_car/package.dsv'
[26.199s] INFO:colcon.colcon_core.shell:Creating package script '/root/ros2_ws/install/track_car/share/track_car/package.sh'
[26.200s] INFO:colcon.colcon_core.shell:Creating package script '/root/ros2_ws/install/track_car/share/track_car/package.bash'
[26.202s] INFO:colcon.colcon_core.shell:Creating package script '/root/ros2_ws/install/track_car/share/track_car/package.zsh'
[26.203s] Level 1:colcon.colcon_core.environment:create_file_with_runtime_dependencies(/root/ros2_ws/install/track_car/share/colcon-core/packages/track_car)
[26.205s] DEBUG:colcon.colcon_parallel_executor.executor.parallel:closing loop
[26.206s] DEBUG:colcon.colcon_parallel_executor.executor.parallel:loop closed
[26.206s] DEBUG:colcon.colcon_parallel_executor.executor.parallel:run_until_complete finished with '0'
[26.207s] DEBUG:colcon.colcon_core.event_reactor:joining thread
[26.283s] INFO:colcon.colcon_core.plugin_system:Skipping extension 'colcon_notification.desktop_notification.notify_send': Could not find 'notify-send'
[26.284s] INFO:colcon.colcon_core.plugin_system:Skipping extension 'colcon_notification.desktop_notification.terminal_notifier': Not used on non-Darwin systems
[26.284s] INFO:colcon.colcon_core.plugin_system:Skipping extension 'colcon_notification.desktop_notification.win32': Not used on non-Windows systems
[26.284s] INFO:colcon.colcon_notification.desktop_notification:Sending desktop notification using 'notify2'
[26.284s] DEBUG:colcon.colcon_notification.desktop_notification.notify2:Failed to initialize notify2: org.freedesktop.DBus.Error.FileNotFound: Failed to connect to socket /run/user/0/bus: No such file or directory
[26.284s] DEBUG:colcon.colcon_core.event_reactor:joined thread
[26.285s] INFO:colcon.colcon_core.shell:Creating prefix script '/root/ros2_ws/install/local_setup.ps1'
[26.287s] INFO:colcon.colcon_core.shell:Creating prefix util module '/root/ros2_ws/install/_local_setup_util_ps1.py'
[26.291s] INFO:colcon.colcon_core.shell:Creating prefix chain script '/root/ros2_ws/install/setup.ps1'
[26.296s] INFO:colcon.colcon_core.shell:Creating prefix script '/root/ros2_ws/install/local_setup.sh'
[26.298s] INFO:colcon.colcon_core.shell:Creating prefix util module '/root/ros2_ws/install/_local_setup_util_sh.py'
[26.300s] INFO:colcon.colcon_core.shell:Creating prefix chain script '/root/ros2_ws/install/setup.sh'
[26.303s] INFO:colcon.colcon_core.shell:Creating prefix script '/root/ros2_ws/install/local_setup.bash'
[26.304s] INFO:colcon.colcon_core.shell:Creating prefix chain script '/root/ros2_ws/install/setup.bash'
[26.306s] INFO:colcon.colcon_core.shell:Creating prefix script '/root/ros2_ws/install/local_setup.zsh'
[26.308s] INFO:colcon.colcon_core.shell:Creating prefix chain script '/root/ros2_ws/install/setup.zsh'
