[0.022s] Invoking command in '/root/ros2_ws/build/track_car': CMAKE_PREFIX_PATH=${CMAKE_PREFIX_PATH}:/opt/ros/humble /usr/bin/cmake --build /root/ros2_ws/build/track_car -- -j8 -l8
[0.246s] -- Found ament_cmake: 1.3.11 (/opt/ros/humble/share/ament_cmake/cmake)
[0.562s] -- Override CMake install command with custom implementation using symlinks instead of copying resources
[0.721s] -- Found rclcpp: 16.0.12 (/opt/ros/humble/share/rclcpp/cmake)
[1.190s] -- Found rosidl_generator_c: 3.1.6 (/opt/ros/humble/share/rosidl_generator_c/cmake)
[1.209s] -- Found rosidl_adapter: 3.1.6 (/opt/ros/humble/share/rosidl_adapter/cmake)
[1.246s] -- Found rosidl_generator_cpp: 3.1.6 (/opt/ros/humble/share/rosidl_generator_cpp/cmake)
[1.322s] -- Using all available rosidl_typesupport_c: rosidl_typesupport_fastrtps_c;rosidl_typesupport_introspection_c
[1.426s] -- Using all available rosidl_typesupport_cpp: rosidl_typesupport_fastrtps_cpp;rosidl_typesupport_introspection_cpp
[1.659s] -- Found rmw_implementation_cmake: 6.1.2 (/opt/ros/humble/share/rmw_implementation_cmake/cmake)
[1.686s] -- Found rmw_fastrtps_cpp: 6.2.7 (/opt/ros/humble/share/rmw_fastrtps_cpp/cmake)
[5.255s] -- Using RMW implementation 'rmw_fastrtps_cpp' as default
[5.476s] -- Found geometry_msgs: 4.8.0 (/opt/ros/humble/share/geometry_msgs/cmake)
[5.533s] -- Found sensor_msgs: 4.8.0 (/opt/ros/humble/share/sensor_msgs/cmake)
[5.599s] -- Found nav_msgs: 4.8.0 (/opt/ros/humble/share/nav_msgs/cmake)
[5.637s] -- Found tf2: 0.25.12 (/opt/ros/humble/share/tf2/cmake)
[6.189s] [31mCMake Error at CMakeLists.txt:16 (find_package):
[6.189s]   By not providing "FindGeographicLib.cmake" in CMAKE_MODULE_PATH this
[6.190s]   project has asked CMake to find a package configuration file provided by
[6.190s]   "GeographicLib", but CMake did not find one.
[6.190s] 
[6.190s]   Could not find a package configuration file provided by "GeographicLib"
[6.190s]   with any of the following names:
[6.190s] 
[6.190s]     GeographicLibConfig.cmake
[6.190s]     geographiclib-config.cmake
[6.190s] 
[6.190s]   Add the installation prefix of "GeographicLib" to CMAKE_PREFIX_PATH or set
[6.190s]   "GeographicLib_DIR" to a directory containing one of the above files.  If
[6.190s]   "GeographicLib" provides a separate development package or SDK, be sure it
[6.190s]   has been installed.
[6.190s] 
[6.191s] [0m
[6.191s] -- Configuring incomplete, errors occurred!
[6.191s] See also "/root/ros2_ws/build/track_car/CMakeFiles/CMakeOutput.log".
[6.195s] gmake: *** [Makefile:430: cmake_check_build_system] Error 1
[6.197s] Invoked command in '/root/ros2_ws/build/track_car' returned '2': CMAKE_PREFIX_PATH=${CMAKE_PREFIX_PATH}:/opt/ros/humble /usr/bin/cmake --build /root/ros2_ws/build/track_car -- -j8 -l8
